{"/Users/minholee/Desktop/codeit/sprint-mission/8-sprint-mission/src/main.ts": {"path":"/Users/minholee/Desktop/codeit/sprint-mission/8-sprint-mission/src/main.ts","statementMap":{"0":{"start":{"line":1,"column":0},"end":{"line":1,"column":30}},"1":{"start":{"line":2,"column":0},"end":{"line":2,"column":24}},"2":{"start":{"line":3,"column":0},"end":{"line":3,"column":24}},"3":{"start":{"line":4,"column":0},"end":{"line":4,"column":41}},"4":{"start":{"line":5,"column":0},"end":{"line":5,"column":65}},"5":{"start":{"line":6,"column":0},"end":{"line":6,"column":54}},"6":{"start":{"line":7,"column":0},"end":{"line":7,"column":54}},"7":{"start":{"line":8,"column":0},"end":{"line":8,"column":54}},"8":{"start":{"line":9,"column":0},"end":{"line":9,"column":50}},"9":{"start":{"line":10,"column":0},"end":{"line":10,"column":46}},"10":{"start":{"line":11,"column":0},"end":{"line":11,"column":48}},"11":{"start":{"line":12,"column":0},"end":{"line":12,"column":63}},"12":{"start":{"line":13,"column":0},"end":{"line":13,"column":24}},"13":{"start":{"line":14,"column":0},"end":{"line":14,"column":55}},"14":{"start":{"line":15,"column":0},"end":{"line":15,"column":null}},"15":{"start":{"line":20,"column":12},"end":{"line":20,"column":21}},"16":{"start":{"line":21,"column":15},"end":{"line":21,"column":37}},"17":{"start":{"line":23,"column":0},"end":{"line":23,"column":20}},"18":{"start":{"line":25,"column":0},"end":{"line":25,"column":16}},"19":{"start":{"line":26,"column":0},"end":{"line":26,"column":24}},"20":{"start":{"line":27,"column":0},"end":{"line":27,"column":24}},"21":{"start":{"line":28,"column":0},"end":{"line":28,"column":79}},"22":{"start":{"line":30,"column":0},"end":{"line":30,"column":37}},"23":{"start":{"line":31,"column":0},"end":{"line":31,"column":37}},"24":{"start":{"line":32,"column":0},"end":{"line":32,"column":37}},"25":{"start":{"line":33,"column":0},"end":{"line":33,"column":33}},"26":{"start":{"line":34,"column":0},"end":{"line":34,"column":29}},"27":{"start":{"line":35,"column":0},"end":{"line":35,"column":31}},"28":{"start":{"line":36,"column":0},"end":{"line":36,"column":46}},"29":{"start":{"line":38,"column":0},"end":{"line":38,"column":32}},"30":{"start":{"line":39,"column":0},"end":{"line":39,"column":28}},"31":{"start":{"line":45,"column":0},"end":{"line":45,"column":19}}},"fnMap":{},"branchMap":{},"s":{"0":3,"1":3,"2":3,"3":3,"4":3,"5":3,"6":3,"7":3,"8":3,"9":3,"10":3,"11":3,"12":3,"13":3,"14":3,"15":3,"16":3,"17":3,"18":3,"19":3,"20":3,"21":3,"22":3,"23":3,"24":3,"25":3,"26":3,"27":3,"28":3,"29":3,"30":3,"31":3},"f":{},"b":{}}
,"/Users/minholee/Desktop/codeit/sprint-mission/8-sprint-mission/src/controllers/articlesController.ts": {"path":"/Users/minholee/Desktop/codeit/sprint-mission/8-sprint-mission/src/controllers/articlesController.ts","statementMap":{"0":{"start":{"line":17,"column":0},"end":{"line":17,"column":22}},"1":{"start":{"line":29,"column":0},"end":{"line":29,"column":22}},"2":{"start":{"line":35,"column":0},"end":{"line":35,"column":22}},"3":{"start":{"line":48,"column":0},"end":{"line":48,"column":22}},"4":{"start":{"line":57,"column":0},"end":{"line":57,"column":22}},"5":{"start":{"line":66,"column":0},"end":{"line":66,"column":22}},"6":{"start":{"line":80,"column":0},"end":{"line":80,"column":22}},"7":{"start":{"line":93,"column":0},"end":{"line":93,"column":22}},"8":{"start":{"line":99,"column":0},"end":{"line":99,"column":22}},"9":{"start":{"line":2,"column":0},"end":{"line":2,"column":37}},"10":{"start":{"line":3,"column":0},"end":{"line":3,"column":58}},"11":{"start":{"line":4,"column":0},"end":{"line":4,"column":null}},"12":{"start":{"line":9,"column":0},"end":{"line":9,"column":null}},"13":{"start":{"line":13,"column":0},"end":{"line":13,"column":63}},"14":{"start":{"line":14,"column":0},"end":{"line":14,"column":63}},"15":{"start":{"line":15,"column":0},"end":{"line":15,"column":57}},"16":{"start":{"line":21,"column":15},"end":{"line":21,"column":56}},"17":{"start":{"line":22,"column":18},"end":{"line":24,"column":null}},"18":{"start":{"line":26,"column":2},"end":{"line":26,"column":32}},"19":{"start":{"line":30,"column":17},"end":{"line":30,"column":51}},"20":{"start":{"line":31,"column":18},"end":{"line":31,"column":54}},"21":{"start":{"line":32,"column":2},"end":{"line":32,"column":20}},"22":{"start":{"line":39,"column":17},"end":{"line":39,"column":51}},"23":{"start":{"line":40,"column":15},"end":{"line":40,"column":56}},"24":{"start":{"line":41,"column":25},"end":{"line":43,"column":null}},"25":{"start":{"line":45,"column":2},"end":{"line":45,"column":27}},"26":{"start":{"line":52,"column":17},"end":{"line":52,"column":51}},"27":{"start":{"line":53,"column":2},"end":{"line":53,"column":55}},"28":{"start":{"line":54,"column":2},"end":{"line":54,"column":25}},"29":{"start":{"line":61,"column":17},"end":{"line":61,"column":62}},"30":{"start":{"line":62,"column":17},"end":{"line":62,"column":61}},"31":{"start":{"line":63,"column":2},"end":{"line":63,"column":19}},"32":{"start":{"line":70,"column":28},"end":{"line":70,"column":62}},"33":{"start":{"line":71,"column":22},"end":{"line":71,"column":63}},"34":{"start":{"line":72,"column":25},"end":{"line":76,"column":4}},"35":{"start":{"line":77,"column":2},"end":{"line":77,"column":39}},"36":{"start":{"line":84,"column":28},"end":{"line":84,"column":62}},"37":{"start":{"line":85,"column":28},"end":{"line":85,"column":73}},"38":{"start":{"line":86,"column":17},"end":{"line":89,"column":4}},"39":{"start":{"line":90,"column":2},"end":{"line":90,"column":19}},"40":{"start":{"line":94,"column":28},"end":{"line":94,"column":62}},"41":{"start":{"line":95,"column":2},"end":{"line":95,"column":56}},"42":{"start":{"line":96,"column":2},"end":{"line":96,"column":25}},"43":{"start":{"line":100,"column":28},"end":{"line":100,"column":62}},"44":{"start":{"line":101,"column":2},"end":{"line":101,"column":56}},"45":{"start":{"line":102,"column":2},"end":{"line":102,"column":25}}},"fnMap":{"0":{"name":"createArticle","decl":{"start":{"line":17,"column":22},"end":{"line":17,"column":35}},"loc":{"start":{"line":19,"column":15},"end":{"line":27,"column":null}}},"1":{"name":"getArticle","decl":{"start":{"line":29,"column":22},"end":{"line":29,"column":32}},"loc":{"start":{"line":29,"column":60},"end":{"line":33,"column":null}}},"2":{"name":"updateArticle","decl":{"start":{"line":35,"column":22},"end":{"line":35,"column":35}},"loc":{"start":{"line":37,"column":15},"end":{"line":46,"column":null}}},"3":{"name":"deleteArticle","decl":{"start":{"line":48,"column":22},"end":{"line":48,"column":35}},"loc":{"start":{"line":50,"column":15},"end":{"line":55,"column":null}}},"4":{"name":"getArticleList","decl":{"start":{"line":57,"column":22},"end":{"line":57,"column":36}},"loc":{"start":{"line":59,"column":15},"end":{"line":64,"column":null}}},"5":{"name":"createComment","decl":{"start":{"line":66,"column":22},"end":{"line":66,"column":35}},"loc":{"start":{"line":68,"column":15},"end":{"line":78,"column":null}}},"6":{"name":"getCommentList","decl":{"start":{"line":80,"column":22},"end":{"line":80,"column":36}},"loc":{"start":{"line":82,"column":15},"end":{"line":91,"column":null}}},"7":{"name":"createLike","decl":{"start":{"line":93,"column":22},"end":{"line":93,"column":32}},"loc":{"start":{"line":93,"column":60},"end":{"line":97,"column":null}}},"8":{"name":"deleteLike","decl":{"start":{"line":99,"column":22},"end":{"line":99,"column":32}},"loc":{"start":{"line":99,"column":60},"end":{"line":103,"column":null}}}},"branchMap":{},"s":{"0":3,"1":3,"2":3,"3":3,"4":3,"5":3,"6":3,"7":3,"8":3,"9":3,"10":3,"11":3,"12":3,"13":3,"14":3,"15":3,"16":1,"17":1,"18":1,"19":1,"20":1,"21":1,"22":1,"23":1,"24":1,"25":1,"26":1,"27":1,"28":1,"29":1,"30":1,"31":1,"32":1,"33":1,"34":1,"35":1,"36":1,"37":1,"38":1,"39":1,"40":1,"41":1,"42":1,"43":1,"44":1,"45":1},"f":{"0":1,"1":1,"2":1,"3":1,"4":1,"5":1,"6":1,"7":1,"8":1},"b":{}}
,"/Users/minholee/Desktop/codeit/sprint-mission/8-sprint-mission/src/controllers/authController.ts": {"path":"/Users/minholee/Desktop/codeit/sprint-mission/8-sprint-mission/src/controllers/authController.ts","statementMap":{"0":{"start":{"line":12,"column":0},"end":{"line":12,"column":22}},"1":{"start":{"line":18,"column":0},"end":{"line":18,"column":22}},"2":{"start":{"line":25,"column":0},"end":{"line":25,"column":22}},"3":{"start":{"line":30,"column":0},"end":{"line":30,"column":22}},"4":{"start":{"line":2,"column":0},"end":{"line":2,"column":37}},"5":{"start":{"line":3,"column":0},"end":{"line":3,"column":null}},"6":{"start":{"line":8,"column":0},"end":{"line":8,"column":77}},"7":{"start":{"line":9,"column":0},"end":{"line":9,"column":55}},"8":{"start":{"line":10,"column":0},"end":{"line":10,"column":53}},"9":{"start":{"line":13,"column":15},"end":{"line":13,"column":51}},"10":{"start":{"line":14,"column":15},"end":{"line":14,"column":47}},"11":{"start":{"line":15,"column":2},"end":{"line":15,"column":46}},"12":{"start":{"line":19,"column":15},"end":{"line":19,"column":48}},"13":{"start":{"line":20,"column":40},"end":{"line":20,"column":69}},"14":{"start":{"line":21,"column":2},"end":{"line":21,"column":50}},"15":{"start":{"line":22,"column":2},"end":{"line":22,"column":25}},"16":{"start":{"line":26,"column":2},"end":{"line":26,"column":25}},"17":{"start":{"line":27,"column":2},"end":{"line":27,"column":25}},"18":{"start":{"line":31,"column":23},"end":{"line":31,"column":61}},"19":{"start":{"line":33,"column":4},"end":{"line":33,"column":48}},"20":{"start":{"line":34,"column":2},"end":{"line":34,"column":53}},"21":{"start":{"line":35,"column":2},"end":{"line":35,"column":25}},"22":{"start":{"line":43,"column":2},"end":{"line":47,"column":5}},"23":{"start":{"line":48,"column":2},"end":{"line":53,"column":5}},"24":{"start":{"line":57,"column":2},"end":{"line":57,"column":44}},"25":{"start":{"line":58,"column":2},"end":{"line":58,"column":45}}},"fnMap":{"0":{"name":"register","decl":{"start":{"line":12,"column":22},"end":{"line":12,"column":30}},"loc":{"start":{"line":12,"column":58},"end":{"line":16,"column":null}}},"1":{"name":"login","decl":{"start":{"line":18,"column":22},"end":{"line":18,"column":27}},"loc":{"start":{"line":18,"column":55},"end":{"line":23,"column":null}}},"2":{"name":"logout","decl":{"start":{"line":25,"column":22},"end":{"line":25,"column":28}},"loc":{"start":{"line":25,"column":56},"end":{"line":28,"column":null}}},"3":{"name":"refreshToken","decl":{"start":{"line":30,"column":22},"end":{"line":30,"column":34}},"loc":{"start":{"line":30,"column":62},"end":{"line":36,"column":null}}},"4":{"name":"setTokenCookies","decl":{"start":{"line":38,"column":9},"end":{"line":38,"column":24}},"loc":{"start":{"line":41,"column":22},"end":{"line":54,"column":1}}},"5":{"name":"clearTokenCookies","decl":{"start":{"line":56,"column":9},"end":{"line":56,"column":26}},"loc":{"start":{"line":56,"column":40},"end":{"line":59,"column":1}}}},"branchMap":{},"s":{"0":3,"1":3,"2":3,"3":3,"4":3,"5":3,"6":3,"7":3,"8":3,"9":1,"10":1,"11":1,"12":20,"13":20,"14":20,"15":20,"16":1,"17":1,"18":1,"19":1,"20":1,"21":1,"22":21,"23":21,"24":1,"25":1},"f":{"0":1,"1":20,"2":1,"3":1,"4":21,"5":1},"b":{}}
,"/Users/minholee/Desktop/codeit/sprint-mission/8-sprint-mission/src/controllers/commentsController.ts": {"path":"/Users/minholee/Desktop/codeit/sprint-mission/8-sprint-mission/src/controllers/commentsController.ts","statementMap":{"0":{"start":{"line":7,"column":0},"end":{"line":7,"column":22}},"1":{"start":{"line":21,"column":0},"end":{"line":21,"column":22}},"2":{"start":{"line":2,"column":0},"end":{"line":2,"column":37}},"3":{"start":{"line":3,"column":0},"end":{"line":3,"column":68}},"4":{"start":{"line":4,"column":0},"end":{"line":4,"column":58}},"5":{"start":{"line":5,"column":0},"end":{"line":5,"column":63}},"6":{"start":{"line":11,"column":17},"end":{"line":11,"column":51}},"7":{"start":{"line":12,"column":22},"end":{"line":12,"column":63}},"8":{"start":{"line":13,"column":25},"end":{"line":16,"column":null}},"9":{"start":{"line":18,"column":2},"end":{"line":18,"column":27}},"10":{"start":{"line":25,"column":17},"end":{"line":25,"column":51}},"11":{"start":{"line":26,"column":2},"end":{"line":26,"column":55}},"12":{"start":{"line":27,"column":2},"end":{"line":27,"column":25}}},"fnMap":{"0":{"name":"updateComment","decl":{"start":{"line":7,"column":22},"end":{"line":7,"column":35}},"loc":{"start":{"line":9,"column":15},"end":{"line":19,"column":null}}},"1":{"name":"deleteComment","decl":{"start":{"line":21,"column":22},"end":{"line":21,"column":35}},"loc":{"start":{"line":23,"column":15},"end":{"line":28,"column":null}}}},"branchMap":{},"s":{"0":3,"1":3,"2":3,"3":3,"4":3,"5":3,"6":0,"7":0,"8":0,"9":0,"10":0,"11":0,"12":0},"f":{"0":0,"1":0},"b":{}}
,"/Users/minholee/Desktop/codeit/sprint-mission/8-sprint-mission/src/controllers/errorController.ts": {"path":"/Users/minholee/Desktop/codeit/sprint-mission/8-sprint-mission/src/controllers/errorController.ts","statementMap":{"0":{"start":{"line":8,"column":0},"end":{"line":8,"column":16}},"1":{"start":{"line":12,"column":0},"end":{"line":12,"column":16}},"2":{"start":{"line":2,"column":0},"end":{"line":2,"column":42}},"3":{"start":{"line":3,"column":0},"end":{"line":3,"column":60}},"4":{"start":{"line":4,"column":0},"end":{"line":4,"column":56}},"5":{"start":{"line":5,"column":0},"end":{"line":5,"column":64}},"6":{"start":{"line":6,"column":0},"end":{"line":6,"column":58}},"7":{"start":{"line":9,"column":2},"end":{"line":9,"column":49}},"8":{"start":{"line":14,"column":2},"end":{"line":17,"column":3}},"9":{"start":{"line":15,"column":4},"end":{"line":15,"column":51}},"10":{"start":{"line":16,"column":4},"end":{"line":16,"column":11}},"11":{"start":{"line":20,"column":2},"end":{"line":23,"column":3}},"12":{"start":{"line":21,"column":4},"end":{"line":21,"column":54}},"13":{"start":{"line":22,"column":4},"end":{"line":22,"column":11}},"14":{"start":{"line":26,"column":2},"end":{"line":30,"column":3}},"15":{"start":{"line":27,"column":4},"end":{"line":27,"column":23}},"16":{"start":{"line":28,"column":4},"end":{"line":28,"column":64}},"17":{"start":{"line":29,"column":4},"end":{"line":29,"column":11}},"18":{"start":{"line":33,"column":2},"end":{"line":36,"column":3}},"19":{"start":{"line":34,"column":4},"end":{"line":34,"column":51}},"20":{"start":{"line":35,"column":4},"end":{"line":35,"column":11}},"21":{"start":{"line":38,"column":2},"end":{"line":41,"column":3}},"22":{"start":{"line":39,"column":4},"end":{"line":39,"column":51}},"23":{"start":{"line":40,"column":4},"end":{"line":40,"column":11}},"24":{"start":{"line":43,"column":2},"end":{"line":46,"column":3}},"25":{"start":{"line":44,"column":4},"end":{"line":44,"column":51}},"26":{"start":{"line":45,"column":4},"end":{"line":45,"column":11}},"27":{"start":{"line":48,"column":2},"end":{"line":48,"column":21}},"28":{"start":{"line":49,"column":2},"end":{"line":49,"column":61}}},"fnMap":{"0":{"name":"defaultNotFoundHandler","decl":{"start":{"line":8,"column":16},"end":{"line":8,"column":38}},"loc":{"start":{"line":8,"column":86},"end":{"line":10,"column":1}}},"1":{"name":"globalErrorHandler","decl":{"start":{"line":12,"column":16},"end":{"line":12,"column":34}},"loc":{"start":{"line":12,"column":94},"end":{"line":50,"column":1}}}},"branchMap":{"0":{"loc":{"start":{"line":14,"column":2},"end":{"line":17,"column":3}},"type":"if","locations":[{"start":{"line":14,"column":2},"end":{"line":17,"column":3}}]},"1":{"loc":{"start":{"line":14,"column":6},"end":{"line":14,"column":66}},"type":"binary-expr","locations":[{"start":{"line":14,"column":6},"end":{"line":14,"column":32}},{"start":{"line":14,"column":36},"end":{"line":14,"column":66}}]},"2":{"loc":{"start":{"line":20,"column":2},"end":{"line":23,"column":3}},"type":"if","locations":[{"start":{"line":20,"column":2},"end":{"line":23,"column":3}}]},"3":{"loc":{"start":{"line":20,"column":6},"end":{"line":20,"column":49}},"type":"binary-expr","locations":[{"start":{"line":20,"column":6},"end":{"line":20,"column":32}},{"start":{"line":20,"column":36},"end":{"line":20,"column":49}}]},"4":{"loc":{"start":{"line":26,"column":2},"end":{"line":30,"column":3}},"type":"if","locations":[{"start":{"line":26,"column":2},"end":{"line":30,"column":3}}]},"5":{"loc":{"start":{"line":33,"column":2},"end":{"line":36,"column":3}},"type":"if","locations":[{"start":{"line":33,"column":2},"end":{"line":36,"column":3}}]},"6":{"loc":{"start":{"line":38,"column":2},"end":{"line":41,"column":3}},"type":"if","locations":[{"start":{"line":38,"column":2},"end":{"line":41,"column":3}}]},"7":{"loc":{"start":{"line":43,"column":2},"end":{"line":46,"column":3}},"type":"if","locations":[{"start":{"line":43,"column":2},"end":{"line":46,"column":3}}]}},"s":{"0":3,"1":3,"2":3,"3":3,"4":3,"5":3,"6":3,"7":0,"8":0,"9":0,"10":0,"11":0,"12":0,"13":0,"14":0,"15":0,"16":0,"17":0,"18":0,"19":0,"20":0,"21":0,"22":0,"23":0,"24":0,"25":0,"26":0,"27":0,"28":0},"f":{"0":0,"1":0},"b":{"0":[0],"1":[0,0],"2":[0],"3":[0,0],"4":[0],"5":[0],"6":[0],"7":[0]}}
,"/Users/minholee/Desktop/codeit/sprint-mission/8-sprint-mission/src/controllers/imagesController.ts": {"path":"/Users/minholee/Desktop/codeit/sprint-mission/8-sprint-mission/src/controllers/imagesController.ts","statementMap":{"0":{"start":{"line":37,"column":0},"end":{"line":37,"column":22}},"1":{"start":{"line":2,"column":0},"end":{"line":2,"column":28}},"2":{"start":{"line":3,"column":0},"end":{"line":3,"column":24}},"3":{"start":{"line":4,"column":0},"end":{"line":4,"column":36}},"4":{"start":{"line":5,"column":0},"end":{"line":5,"column":60}},"5":{"start":{"line":6,"column":0},"end":{"line":6,"column":60}},"6":{"start":{"line":8,"column":27},"end":{"line":8,"column":67}},"7":{"start":{"line":9,"column":24},"end":{"line":9,"column":39}},"8":{"start":{"line":11,"column":13},"end":{"line":35,"column":3}},"9":{"start":{"line":14,"column":6},"end":{"line":14,"column":28}},"10":{"start":{"line":17,"column":18},"end":{"line":17,"column":49}},"11":{"start":{"line":18,"column":23},"end":{"line":18,"column":42}},"12":{"start":{"line":19,"column":6},"end":{"line":19,"column":25}},"13":{"start":{"line":28,"column":4},"end":{"line":31,"column":5}},"14":{"start":{"line":29,"column":18},"end":{"line":29,"column":76}},"15":{"start":{"line":30,"column":6},"end":{"line":30,"column":21}},"16":{"start":{"line":33,"column":4},"end":{"line":33,"column":19}},"17":{"start":{"line":38,"column":15},"end":{"line":38,"column":30}},"18":{"start":{"line":39,"column":2},"end":{"line":41,"column":3}},"19":{"start":{"line":40,"column":4},"end":{"line":40,"column":50}},"20":{"start":{"line":42,"column":2},"end":{"line":44,"column":3}},"21":{"start":{"line":43,"column":4},"end":{"line":43,"column":50}},"22":{"start":{"line":45,"column":19},"end":{"line":45,"column":66}},"23":{"start":{"line":46,"column":14},"end":{"line":46,"column":34}},"24":{"start":{"line":47,"column":2},"end":{"line":47,"column":20}}},"fnMap":{"0":{"name":"(anonymous_8)","decl":{"start":{"line":13,"column":4},"end":{"line":13,"column":15}},"loc":{"start":{"line":13,"column":29},"end":{"line":15,"column":5}}},"1":{"name":"(anonymous_9)","decl":{"start":{"line":16,"column":4},"end":{"line":16,"column":12}},"loc":{"start":{"line":16,"column":26},"end":{"line":20,"column":5}}},"2":{"name":"(anonymous_10)","decl":{"start":{"line":27,"column":14},"end":{"line":27,"column":24}},"loc":{"start":{"line":27,"column":37},"end":{"line":34,"column":3}}},"3":{"name":"uploadImage","decl":{"start":{"line":37,"column":22},"end":{"line":37,"column":33}},"loc":{"start":{"line":37,"column":61},"end":{"line":48,"column":null}}}},"branchMap":{"0":{"loc":{"start":{"line":28,"column":4},"end":{"line":31,"column":5}},"type":"if","locations":[{"start":{"line":28,"column":4},"end":{"line":31,"column":5}}]},"1":{"loc":{"start":{"line":39,"column":2},"end":{"line":41,"column":3}},"type":"if","locations":[{"start":{"line":39,"column":2},"end":{"line":41,"column":3}}]},"2":{"loc":{"start":{"line":42,"column":2},"end":{"line":44,"column":3}},"type":"if","locations":[{"start":{"line":42,"column":2},"end":{"line":44,"column":3}}]}},"s":{"0":3,"1":3,"2":3,"3":3,"4":3,"5":3,"6":3,"7":3,"8":3,"9":0,"10":0,"11":0,"12":0,"13":0,"14":0,"15":0,"16":0,"17":0,"18":0,"19":0,"20":0,"21":0,"22":0,"23":0,"24":0},"f":{"0":0,"1":0,"2":0,"3":0},"b":{"0":[0],"1":[0],"2":[0]}}
,"/Users/minholee/Desktop/codeit/sprint-mission/8-sprint-mission/src/controllers/notificationsController.ts": {"path":"/Users/minholee/Desktop/codeit/sprint-mission/8-sprint-mission/src/controllers/notificationsController.ts","statementMap":{"0":{"start":{"line":8,"column":0},"end":{"line":8,"column":22}},"1":{"start":{"line":19,"column":0},"end":{"line":19,"column":22}},"2":{"start":{"line":1,"column":0},"end":{"line":1,"column":null}},"3":{"start":{"line":5,"column":0},"end":{"line":5,"column":73}},"4":{"start":{"line":13,"column":17},"end":{"line":13,"column":28}},"5":{"start":{"line":15,"column":4},"end":{"line":15,"column":59}},"6":{"start":{"line":16,"column":2},"end":{"line":16,"column":74}},"7":{"start":{"line":24,"column":13},"end":{"line":24,"column":46}},"8":{"start":{"line":25,"column":23},"end":{"line":25,"column":63}},"9":{"start":{"line":26,"column":2},"end":{"line":26,"column":62}}},"fnMap":{"0":{"name":"getNotifications","decl":{"start":{"line":8,"column":22},"end":{"line":8,"column":38}},"loc":{"start":{"line":11,"column":20},"end":{"line":17,"column":null}}},"1":{"name":"patchReadStatus","decl":{"start":{"line":19,"column":22},"end":{"line":19,"column":37}},"loc":{"start":{"line":22,"column":20},"end":{"line":27,"column":null}}}},"branchMap":{},"s":{"0":3,"1":3,"2":3,"3":3,"4":0,"5":0,"6":0,"7":0,"8":0,"9":0},"f":{"0":0,"1":0},"b":{}}
,"/Users/minholee/Desktop/codeit/sprint-mission/8-sprint-mission/src/controllers/productsController.ts": {"path":"/Users/minholee/Desktop/codeit/sprint-mission/8-sprint-mission/src/controllers/productsController.ts","statementMap":{"0":{"start":{"line":17,"column":0},"end":{"line":17,"column":22}},"1":{"start":{"line":29,"column":0},"end":{"line":29,"column":22}},"2":{"start":{"line":35,"column":0},"end":{"line":35,"column":22}},"3":{"start":{"line":48,"column":0},"end":{"line":48,"column":22}},"4":{"start":{"line":57,"column":0},"end":{"line":57,"column":22}},"5":{"start":{"line":68,"column":0},"end":{"line":68,"column":22}},"6":{"start":{"line":80,"column":0},"end":{"line":80,"column":22}},"7":{"start":{"line":93,"column":0},"end":{"line":93,"column":22}},"8":{"start":{"line":102,"column":0},"end":{"line":102,"column":22}},"9":{"start":{"line":2,"column":0},"end":{"line":2,"column":37}},"10":{"start":{"line":3,"column":0},"end":{"line":3,"column":58}},"11":{"start":{"line":4,"column":0},"end":{"line":4,"column":null}},"12":{"start":{"line":9,"column":0},"end":{"line":9,"column":null}},"13":{"start":{"line":13,"column":0},"end":{"line":13,"column":63}},"14":{"start":{"line":14,"column":0},"end":{"line":14,"column":63}},"15":{"start":{"line":15,"column":0},"end":{"line":15,"column":65}},"16":{"start":{"line":21,"column":15},"end":{"line":21,"column":56}},"17":{"start":{"line":22,"column":25},"end":{"line":24,"column":null}},"18":{"start":{"line":26,"column":2},"end":{"line":26,"column":39}},"19":{"start":{"line":30,"column":17},"end":{"line":30,"column":51}},"20":{"start":{"line":31,"column":18},"end":{"line":31,"column":54}},"21":{"start":{"line":32,"column":2},"end":{"line":32,"column":20}},"22":{"start":{"line":39,"column":17},"end":{"line":39,"column":51}},"23":{"start":{"line":40,"column":15},"end":{"line":40,"column":56}},"24":{"start":{"line":41,"column":25},"end":{"line":43,"column":null}},"25":{"start":{"line":45,"column":2},"end":{"line":45,"column":27}},"26":{"start":{"line":52,"column":17},"end":{"line":52,"column":51}},"27":{"start":{"line":53,"column":2},"end":{"line":53,"column":55}},"28":{"start":{"line":54,"column":2},"end":{"line":54,"column":25}},"29":{"start":{"line":61,"column":17},"end":{"line":61,"column":62}},"30":{"start":{"line":62,"column":17},"end":{"line":64,"column":4}},"31":{"start":{"line":65,"column":2},"end":{"line":65,"column":19}},"32":{"start":{"line":72,"column":15},"end":{"line":72,"column":56}},"33":{"start":{"line":73,"column":25},"end":{"line":75,"column":null}},"34":{"start":{"line":77,"column":2},"end":{"line":77,"column":39}},"35":{"start":{"line":84,"column":28},"end":{"line":84,"column":62}},"36":{"start":{"line":85,"column":17},"end":{"line":85,"column":62}},"37":{"start":{"line":86,"column":17},"end":{"line":88,"column":null}},"38":{"start":{"line":90,"column":2},"end":{"line":90,"column":19}},"39":{"start":{"line":97,"column":28},"end":{"line":97,"column":62}},"40":{"start":{"line":98,"column":2},"end":{"line":98,"column":64}},"41":{"start":{"line":99,"column":2},"end":{"line":99,"column":25}},"42":{"start":{"line":106,"column":28},"end":{"line":106,"column":62}},"43":{"start":{"line":107,"column":2},"end":{"line":107,"column":64}},"44":{"start":{"line":108,"column":2},"end":{"line":108,"column":25}}},"fnMap":{"0":{"name":"createProduct","decl":{"start":{"line":17,"column":22},"end":{"line":17,"column":35}},"loc":{"start":{"line":19,"column":15},"end":{"line":27,"column":null}}},"1":{"name":"getProduct","decl":{"start":{"line":29,"column":22},"end":{"line":29,"column":32}},"loc":{"start":{"line":29,"column":60},"end":{"line":33,"column":null}}},"2":{"name":"updateProduct","decl":{"start":{"line":35,"column":22},"end":{"line":35,"column":35}},"loc":{"start":{"line":37,"column":15},"end":{"line":46,"column":null}}},"3":{"name":"deleteProduct","decl":{"start":{"line":48,"column":22},"end":{"line":48,"column":35}},"loc":{"start":{"line":50,"column":15},"end":{"line":55,"column":null}}},"4":{"name":"getProductList","decl":{"start":{"line":57,"column":22},"end":{"line":57,"column":36}},"loc":{"start":{"line":59,"column":15},"end":{"line":66,"column":null}}},"5":{"name":"createComment","decl":{"start":{"line":68,"column":22},"end":{"line":68,"column":35}},"loc":{"start":{"line":70,"column":15},"end":{"line":78,"column":null}}},"6":{"name":"getCommentList","decl":{"start":{"line":80,"column":22},"end":{"line":80,"column":36}},"loc":{"start":{"line":82,"column":15},"end":{"line":91,"column":null}}},"7":{"name":"createFavorite","decl":{"start":{"line":93,"column":22},"end":{"line":93,"column":36}},"loc":{"start":{"line":95,"column":15},"end":{"line":100,"column":null}}},"8":{"name":"deleteFavorite","decl":{"start":{"line":102,"column":22},"end":{"line":102,"column":36}},"loc":{"start":{"line":104,"column":15},"end":{"line":109,"column":null}}}},"branchMap":{"0":{"loc":{"start":{"line":63,"column":12},"end":{"line":63,"column":24}},"type":"cond-expr","locations":[{"start":{"line":63,"column":20},"end":{"line":63,"column":22}},{"start":{"line":63,"column":20},"end":{"line":63,"column":24}}]},"1":{"loc":{"start":{"line":63,"column":12},"end":{"line":63,"column":22}},"type":"binary-expr","locations":[{"start":{"line":63,"column":12},"end":{"line":63,"column":22}},{"start":{"line":63,"column":20},"end":{"line":63,"column":22}}]}},"s":{"0":3,"1":3,"2":3,"3":3,"4":3,"5":3,"6":3,"7":3,"8":3,"9":3,"10":3,"11":3,"12":3,"13":3,"14":3,"15":3,"16":1,"17":1,"18":1,"19":1,"20":1,"21":1,"22":1,"23":1,"24":1,"25":1,"26":1,"27":1,"28":1,"29":2,"30":2,"31":2,"32":1,"33":1,"34":1,"35":1,"36":1,"37":1,"38":1,"39":1,"40":1,"41":1,"42":1,"43":1,"44":1},"f":{"0":1,"1":1,"2":1,"3":1,"4":2,"5":1,"6":1,"7":1,"8":1},"b":{"0":[1,1],"1":[2,2]}}
,"/Users/minholee/Desktop/codeit/sprint-mission/8-sprint-mission/src/controllers/usersController.ts": {"path":"/Users/minholee/Desktop/codeit/sprint-mission/8-sprint-mission/src/controllers/usersController.ts","statementMap":{"0":{"start":{"line":13,"column":0},"end":{"line":13,"column":22}},"1":{"start":{"line":18,"column":0},"end":{"line":18,"column":22}},"2":{"start":{"line":24,"column":0},"end":{"line":24,"column":22}},"3":{"start":{"line":33,"column":0},"end":{"line":33,"column":22}},"4":{"start":{"line":57,"column":0},"end":{"line":57,"column":22}},"5":{"start":{"line":2,"column":0},"end":{"line":2,"column":37}},"6":{"start":{"line":3,"column":0},"end":{"line":3,"column":null}},"7":{"start":{"line":9,"column":0},"end":{"line":9,"column":57}},"8":{"start":{"line":10,"column":0},"end":{"line":10,"column":55}},"9":{"start":{"line":11,"column":0},"end":{"line":11,"column":53}},"10":{"start":{"line":14,"column":15},"end":{"line":14,"column":54}},"11":{"start":{"line":15,"column":2},"end":{"line":15,"column":34}},"12":{"start":{"line":19,"column":15},"end":{"line":19,"column":51}},"13":{"start":{"line":20,"column":22},"end":{"line":20,"column":70}},"14":{"start":{"line":21,"column":2},"end":{"line":21,"column":53}},"15":{"start":{"line":28,"column":36},"end":{"line":28,"column":78}},"16":{"start":{"line":29,"column":2},"end":{"line":29,"column":73}},"17":{"start":{"line":30,"column":2},"end":{"line":30,"column":25}},"18":{"start":{"line":37,"column":47},"end":{"line":39,"column":null}},"19":{"start":{"line":41,"column":31},"end":{"line":48,"column":null}},"20":{"start":{"line":51,"column":2},"end":{"line":54,"column":5}},"21":{"start":{"line":61,"column":47},"end":{"line":63,"column":null}},"22":{"start":{"line":65,"column":31},"end":{"line":72,"column":null}},"23":{"start":{"line":75,"column":2},"end":{"line":78,"column":5}}},"fnMap":{"0":{"name":"getMe","decl":{"start":{"line":13,"column":22},"end":{"line":13,"column":27}},"loc":{"start":{"line":13,"column":55},"end":{"line":16,"column":null}}},"1":{"name":"updateMe","decl":{"start":{"line":18,"column":22},"end":{"line":18,"column":30}},"loc":{"start":{"line":18,"column":58},"end":{"line":22,"column":null}}},"2":{"name":"updateMyPassword","decl":{"start":{"line":24,"column":22},"end":{"line":24,"column":38}},"loc":{"start":{"line":26,"column":15},"end":{"line":31,"column":null}}},"3":{"name":"getMyProductList","decl":{"start":{"line":33,"column":22},"end":{"line":33,"column":38}},"loc":{"start":{"line":35,"column":15},"end":{"line":55,"column":null}}},"4":{"name":"getMyFavoriteList","decl":{"start":{"line":57,"column":22},"end":{"line":57,"column":39}},"loc":{"start":{"line":59,"column":15},"end":{"line":79,"column":null}}}},"branchMap":{},"s":{"0":3,"1":3,"2":3,"3":3,"4":3,"5":3,"6":3,"7":3,"8":3,"9":3,"10":0,"11":0,"12":0,"13":0,"14":0,"15":0,"16":0,"17":0,"18":0,"19":0,"20":0,"21":0,"22":0,"23":0},"f":{"0":0,"1":0,"2":0,"3":0,"4":0},"b":{}}
,"/Users/minholee/Desktop/codeit/sprint-mission/8-sprint-mission/src/dto/notificationsDTO.ts": {"path":"/Users/minholee/Desktop/codeit/sprint-mission/8-sprint-mission/src/dto/notificationsDTO.ts","statementMap":{"0":{"start":{"line":3,"column":39},"end":{"line":12,"column":1}},"1":{"start":{"line":4,"column":2},"end":{"line":11,"column":4}},"2":{"start":{"line":3,"column":13},"end":{"line":3,"column":39}},"3":{"start":{"line":14,"column":43},"end":{"line":22,"column":1}},"4":{"start":{"line":18,"column":2},"end":{"line":21,"column":4}},"5":{"start":{"line":14,"column":13},"end":{"line":14,"column":43}}},"fnMap":{"0":{"name":"(anonymous_0)","decl":{"start":{"line":3,"column":39},"end":{"line":3,"column":40}},"loc":{"start":{"line":3,"column":70},"end":{"line":12,"column":1}}},"1":{"name":"(anonymous_1)","decl":{"start":{"line":14,"column":43},"end":{"line":14,"column":null}},"loc":{"start":{"line":17,"column":4},"end":{"line":22,"column":1}}}},"branchMap":{},"s":{"0":3,"1":0,"2":3,"3":3,"4":0,"5":3},"f":{"0":0,"1":0},"b":{}}
,"/Users/minholee/Desktop/codeit/sprint-mission/8-sprint-mission/src/dto/userResponseDTO.ts": {"path":"/Users/minholee/Desktop/codeit/sprint-mission/8-sprint-mission/src/dto/userResponseDTO.ts","statementMap":{"0":{"start":{"line":3,"column":24},"end":{"line":6,"column":1}},"1":{"start":{"line":4,"column":47},"end":{"line":4,"column":51}},"2":{"start":{"line":4,"column":42},"end":{"line":4,"column":47}},"3":{"start":{"line":5,"column":2},"end":{"line":5,"column":29}},"4":{"start":{"line":8,"column":0},"end":{"line":8,"column":31}}},"fnMap":{"0":{"name":"(anonymous_1)","decl":{"start":{"line":3,"column":24},"end":{"line":3,"column":25}},"loc":{"start":{"line":3,"column":39},"end":{"line":6,"column":1}}}},"branchMap":{},"s":{"0":3,"1":1,"2":1,"3":1,"4":3},"f":{"0":1},"b":{}}
,"/Users/minholee/Desktop/codeit/sprint-mission/8-sprint-mission/src/lib/constants.ts": {"path":"/Users/minholee/Desktop/codeit/sprint-mission/8-sprint-mission/src/lib/constants.ts","statementMap":{"0":{"start":{"line":1,"column":0},"end":{"line":1,"column":28}},"1":{"start":{"line":2,"column":0},"end":{"line":2,"column":16}},"2":{"start":{"line":4,"column":13},"end":{"line":4,"column":55}},"3":{"start":{"line":5,"column":13},"end":{"line":5,"column":57}},"4":{"start":{"line":6,"column":13},"end":{"line":6,"column":59}},"5":{"start":{"line":7,"column":13},"end":{"line":7,"column":81}},"6":{"start":{"line":8,"column":13},"end":{"line":8,"column":83}},"7":{"start":{"line":9,"column":13},"end":{"line":9,"column":62}},"8":{"start":{"line":10,"column":13},"end":{"line":10,"column":45}},"9":{"start":{"line":11,"column":13},"end":{"line":11,"column":38}},"10":{"start":{"line":12,"column":13},"end":{"line":12,"column":37}}},"fnMap":{},"branchMap":{"0":{"loc":{"start":{"line":6,"column":28},"end":{"line":6,"column":58}},"type":"binary-expr","locations":[{"start":{"line":6,"column":28},"end":{"line":6,"column":52}},{"start":{"line":6,"column":56},"end":{"line":6,"column":58}}]},"1":{"loc":{"start":{"line":7,"column":39},"end":{"line":7,"column":80}},"type":"binary-expr","locations":[{"start":{"line":7,"column":39},"end":{"line":7,"column":74}},{"start":{"line":7,"column":78},"end":{"line":7,"column":80}}]},"2":{"loc":{"start":{"line":8,"column":40},"end":{"line":8,"column":82}},"type":"binary-expr","locations":[{"start":{"line":8,"column":40},"end":{"line":8,"column":76}},{"start":{"line":8,"column":80},"end":{"line":8,"column":82}}]},"3":{"loc":{"start":{"line":9,"column":24},"end":{"line":9,"column":61}},"type":"binary-expr","locations":[{"start":{"line":9,"column":24},"end":{"line":9,"column":44}},{"start":{"line":9,"column":48},"end":{"line":9,"column":61}}]},"4":{"loc":{"start":{"line":10,"column":20},"end":{"line":10,"column":44}},"type":"binary-expr","locations":[{"start":{"line":10,"column":20},"end":{"line":10,"column":36}},{"start":{"line":10,"column":40},"end":{"line":10,"column":44}}]}},"s":{"0":3,"1":3,"2":3,"3":3,"4":3,"5":3,"6":3,"7":3,"8":3,"9":3,"10":3},"f":{},"b":{"0":[3,0],"1":[3,0],"2":[3,0],"3":[3,0],"4":[3,0]}}
,"/Users/minholee/Desktop/codeit/sprint-mission/8-sprint-mission/src/lib/prismaClient.ts": {"path":"/Users/minholee/Desktop/codeit/sprint-mission/8-sprint-mission/src/lib/prismaClient.ts","statementMap":{"0":{"start":{"line":1,"column":0},"end":{"line":1,"column":46}},"1":{"start":{"line":3,"column":13},"end":{"line":3,"column":47}},"2":{"start":{"line":5,"column":0},"end":{"line":5,"column":28}}},"fnMap":{},"branchMap":{},"s":{"0":3,"1":3,"2":3},"f":{},"b":{}}
,"/Users/minholee/Desktop/codeit/sprint-mission/8-sprint-mission/src/lib/token.ts": {"path":"/Users/minholee/Desktop/codeit/sprint-mission/8-sprint-mission/src/lib/token.ts","statementMap":{"0":{"start":{"line":4,"column":0},"end":{"line":4,"column":16}},"1":{"start":{"line":14,"column":0},"end":{"line":14,"column":16}},"2":{"start":{"line":22,"column":0},"end":{"line":22,"column":16}},"3":{"start":{"line":1,"column":0},"end":{"line":1,"column":31}},"4":{"start":{"line":2,"column":0},"end":{"line":2,"column":80}},"5":{"start":{"line":5,"column":22},"end":{"line":7,"column":4}},"6":{"start":{"line":8,"column":23},"end":{"line":10,"column":4}},"7":{"start":{"line":11,"column":2},"end":{"line":11,"column":39}},"8":{"start":{"line":15,"column":18},"end":{"line":15,"column":60}},"9":{"start":{"line":16,"column":2},"end":{"line":18,"column":3}},"10":{"start":{"line":17,"column":4},"end":{"line":17,"column":37}},"11":{"start":{"line":19,"column":2},"end":{"line":19,"column":32}},"12":{"start":{"line":23,"column":18},"end":{"line":23,"column":61}},"13":{"start":{"line":24,"column":2},"end":{"line":26,"column":3}},"14":{"start":{"line":25,"column":4},"end":{"line":25,"column":37}},"15":{"start":{"line":27,"column":2},"end":{"line":27,"column":32}}},"fnMap":{"0":{"name":"generateTokens","decl":{"start":{"line":4,"column":16},"end":{"line":4,"column":30}},"loc":{"start":{"line":4,"column":45},"end":{"line":12,"column":1}}},"1":{"name":"verifyAccessToken","decl":{"start":{"line":14,"column":16},"end":{"line":14,"column":33}},"loc":{"start":{"line":14,"column":47},"end":{"line":20,"column":1}}},"2":{"name":"verifyRefreshToken","decl":{"start":{"line":22,"column":16},"end":{"line":22,"column":34}},"loc":{"start":{"line":22,"column":48},"end":{"line":28,"column":1}}}},"branchMap":{"0":{"loc":{"start":{"line":16,"column":2},"end":{"line":18,"column":3}},"type":"if","locations":[{"start":{"line":16,"column":2},"end":{"line":18,"column":3}}]},"1":{"loc":{"start":{"line":24,"column":2},"end":{"line":26,"column":3}},"type":"if","locations":[{"start":{"line":24,"column":2},"end":{"line":26,"column":3}}]}},"s":{"0":3,"1":3,"2":3,"3":3,"4":3,"5":21,"6":21,"7":21,"8":16,"9":16,"10":0,"11":16,"12":1,"13":1,"14":0,"15":1},"f":{"0":21,"1":16,"2":1},"b":{"0":[0],"1":[0]}}
,"/Users/minholee/Desktop/codeit/sprint-mission/8-sprint-mission/src/lib/withAsync.ts": {"path":"/Users/minholee/Desktop/codeit/sprint-mission/8-sprint-mission/src/lib/withAsync.ts","statementMap":{"0":{"start":{"line":3,"column":0},"end":{"line":3,"column":16}},"1":{"start":{"line":4,"column":2},"end":{"line":10,"column":4}},"2":{"start":{"line":5,"column":4},"end":{"line":9,"column":5}},"3":{"start":{"line":6,"column":6},"end":{"line":6,"column":36}},"4":{"start":{"line":8,"column":6},"end":{"line":8,"column":14}}},"fnMap":{"0":{"name":"withAsync","decl":{"start":{"line":3,"column":16},"end":{"line":3,"column":25}},"loc":{"start":{"line":3,"column":49},"end":{"line":11,"column":1}}},"1":{"name":"(anonymous_8)","decl":{"start":{"line":4,"column":9},"end":{"line":4,"column":25}},"loc":{"start":{"line":4,"column":72},"end":{"line":10,"column":4}}}},"branchMap":{},"s":{"0":3,"1":96,"2":42,"3":42,"4":0},"f":{"0":96,"1":42},"b":{}}
,"/Users/minholee/Desktop/codeit/sprint-mission/8-sprint-mission/src/lib/errors/BadRequestError.ts": {"path":"/Users/minholee/Desktop/codeit/sprint-mission/8-sprint-mission/src/lib/errors/BadRequestError.ts","statementMap":{"0":{"start":{"line":3,"column":4},"end":{"line":3,"column":19}},"1":{"start":{"line":4,"column":4},"end":{"line":4,"column":34}},"2":{"start":{"line":8,"column":0},"end":{"line":8,"column":31}}},"fnMap":{"0":{"name":"(anonymous_0)","decl":{"start":{"line":2,"column":2},"end":{"line":2,"column":14}},"loc":{"start":{"line":2,"column":29},"end":{"line":5,"column":3}}}},"branchMap":{},"s":{"0":0,"1":0,"2":3},"f":{"0":0},"b":{}}
,"/Users/minholee/Desktop/codeit/sprint-mission/8-sprint-mission/src/lib/errors/ForbiddenError.ts": {"path":"/Users/minholee/Desktop/codeit/sprint-mission/8-sprint-mission/src/lib/errors/ForbiddenError.ts","statementMap":{"0":{"start":{"line":3,"column":4},"end":{"line":3,"column":19}},"1":{"start":{"line":4,"column":4},"end":{"line":4,"column":33}},"2":{"start":{"line":8,"column":0},"end":{"line":8,"column":30}}},"fnMap":{"0":{"name":"(anonymous_0)","decl":{"start":{"line":2,"column":2},"end":{"line":2,"column":14}},"loc":{"start":{"line":2,"column":29},"end":{"line":5,"column":3}}}},"branchMap":{},"s":{"0":0,"1":0,"2":3},"f":{"0":0},"b":{}}
,"/Users/minholee/Desktop/codeit/sprint-mission/8-sprint-mission/src/lib/errors/NotFoundError.ts": {"path":"/Users/minholee/Desktop/codeit/sprint-mission/8-sprint-mission/src/lib/errors/NotFoundError.ts","statementMap":{"0":{"start":{"line":3,"column":4},"end":{"line":3,"column":50}},"1":{"start":{"line":4,"column":4},"end":{"line":4,"column":32}},"2":{"start":{"line":8,"column":0},"end":{"line":8,"column":29}}},"fnMap":{"0":{"name":"(anonymous_0)","decl":{"start":{"line":2,"column":2},"end":{"line":2,"column":14}},"loc":{"start":{"line":2,"column":43},"end":{"line":5,"column":3}}}},"branchMap":{},"s":{"0":0,"1":0,"2":3},"f":{"0":0},"b":{}}
,"/Users/minholee/Desktop/codeit/sprint-mission/8-sprint-mission/src/lib/errors/UnauthorizedError.ts": {"path":"/Users/minholee/Desktop/codeit/sprint-mission/8-sprint-mission/src/lib/errors/UnauthorizedError.ts","statementMap":{"0":{"start":{"line":3,"column":4},"end":{"line":3,"column":19}},"1":{"start":{"line":4,"column":4},"end":{"line":4,"column":36}},"2":{"start":{"line":8,"column":0},"end":{"line":8,"column":33}}},"fnMap":{"0":{"name":"(anonymous_0)","decl":{"start":{"line":2,"column":2},"end":{"line":2,"column":14}},"loc":{"start":{"line":2,"column":29},"end":{"line":5,"column":3}}}},"branchMap":{},"s":{"0":1,"1":1,"2":3},"f":{"0":1},"b":{}}
,"/Users/minholee/Desktop/codeit/sprint-mission/8-sprint-mission/src/middlewares/authenticate.ts": {"path":"/Users/minholee/Desktop/codeit/sprint-mission/8-sprint-mission/src/middlewares/authenticate.ts","statementMap":{"0":{"start":{"line":2,"column":0},"end":{"line":2,"column":60}},"1":{"start":{"line":3,"column":0},"end":{"line":3,"column":55}},"2":{"start":{"line":6,"column":2},"end":{"line":20,"column":4}},"3":{"start":{"line":6,"column":67},"end":{"line":20,"column":4}},"4":{"start":{"line":7,"column":24},"end":{"line":7,"column":61}},"5":{"start":{"line":8,"column":4},"end":{"line":18,"column":5}},"6":{"start":{"line":9,"column":19},"end":{"line":9,"column":62}},"7":{"start":{"line":10,"column":6},"end":{"line":10,"column":22}},"8":{"start":{"line":12,"column":6},"end":{"line":15,"column":7}},"9":{"start":{"line":13,"column":8},"end":{"line":13,"column":15}},"10":{"start":{"line":14,"column":8},"end":{"line":14,"column":15}},"11":{"start":{"line":16,"column":6},"end":{"line":16,"column":18}},"12":{"start":{"line":17,"column":6},"end":{"line":17,"column":13}},"13":{"start":{"line":19,"column":4},"end":{"line":19,"column":11}},"14":{"start":{"line":23,"column":0},"end":{"line":23,"column":28}}},"fnMap":{"0":{"name":"authenticate","decl":{"start":{"line":5,"column":9},"end":{"line":5,"column":21}},"loc":{"start":{"line":5,"column":51},"end":{"line":21,"column":1}}},"1":{"name":"(anonymous_17)","decl":{"start":{"line":6,"column":9},"end":{"line":6,"column":16}},"loc":{"start":{"line":6,"column":67},"end":{"line":20,"column":4}}},"2":{"name":"(anonymous_18)","decl":{"start":{"line":6,"column":67},"end":{"line":6,"column":null}},"loc":{"start":{"line":6,"column":67},"end":{"line":20,"column":3}}}},"branchMap":{"0":{"loc":{"start":{"line":5,"column":22},"end":{"line":5,"column":51}},"type":"default-arg","locations":[{"start":{"line":5,"column":32},"end":{"line":5,"column":51}}]},"1":{"loc":{"start":{"line":12,"column":6},"end":{"line":15,"column":7}},"type":"if","locations":[{"start":{"line":12,"column":6},"end":{"line":15,"column":7}}]}},"s":{"0":3,"1":3,"2":75,"3":17,"4":17,"5":17,"6":17,"7":16,"8":1,"9":1,"10":1,"11":0,"12":0,"13":16,"14":3},"f":{"0":75,"1":17,"2":17},"b":{"0":[63],"1":[1]}}
,"/Users/minholee/Desktop/codeit/sprint-mission/8-sprint-mission/src/repositories/articlesRepository.ts": {"path":"/Users/minholee/Desktop/codeit/sprint-mission/8-sprint-mission/src/repositories/articlesRepository.ts","statementMap":{"0":{"start":{"line":5,"column":0},"end":{"line":5,"column":22}},"1":{"start":{"line":12,"column":0},"end":{"line":12,"column":22}},"2":{"start":{"line":17,"column":0},"end":{"line":17,"column":22}},"3":{"start":{"line":37,"column":0},"end":{"line":37,"column":22}},"4":{"start":{"line":73,"column":0},"end":{"line":73,"column":22}},"5":{"start":{"line":90,"column":0},"end":{"line":90,"column":22}},"6":{"start":{"line":2,"column":0},"end":{"line":2,"column":51}},"7":{"start":{"line":6,"column":25},"end":{"line":8,"column":4}},"8":{"start":{"line":9,"column":2},"end":{"line":9,"column":24}},"9":{"start":{"line":13,"column":18},"end":{"line":13,"column":74}},"10":{"start":{"line":14,"column":2},"end":{"line":14,"column":17}},"11":{"start":{"line":17,"column":41},"end":{"line":35,"column":null}},"12":{"start":{"line":18,"column":18},"end":{"line":23,"column":4}},"13":{"start":{"line":25,"column":2},"end":{"line":27,"column":3}},"14":{"start":{"line":26,"column":4},"end":{"line":26,"column":16}},"15":{"start":{"line":29,"column":2},"end":{"line":33,"column":null}},"16":{"start":{"line":33,"column":51},"end":{"line":33,"column":73}},"17":{"start":{"line":38,"column":2},"end":{"line":71,"column":null}},"18":{"start":{"line":45,"column":16},"end":{"line":47,"column":4}},"19":{"start":{"line":49,"column":21},"end":{"line":49,"column":64}},"20":{"start":{"line":50,"column":19},"end":{"line":58,"column":4}},"21":{"start":{"line":60,"column":25},"end":{"line":65,"column":5}},"22":{"start":{"line":60,"column":51},"end":{"line":64,"column":null}},"23":{"start":{"line":64,"column":51},"end":{"line":64,"column":73}},"24":{"start":{"line":67,"column":2},"end":{"line":70,"column":4}},"25":{"start":{"line":74,"column":25},"end":{"line":80,"column":4}},"26":{"start":{"line":81,"column":2},"end":{"line":86,"column":null}},"27":{"start":{"line":85,"column":44},"end":{"line":85,"column":71}},"28":{"start":{"line":91,"column":2},"end":{"line":93,"column":5}}},"fnMap":{"0":{"name":"createArticle","decl":{"start":{"line":5,"column":22},"end":{"line":5,"column":35}},"loc":{"start":{"line":5,"column":89},"end":{"line":10,"column":null}}},"1":{"name":"getArticle","decl":{"start":{"line":12,"column":22},"end":{"line":12,"column":32}},"loc":{"start":{"line":12,"column":43},"end":{"line":15,"column":null}}},"2":{"name":"getArticleWithLkes","decl":{"start":{"line":17,"column":22},"end":{"line":17,"column":40}},"loc":{"start":{"line":17,"column":40},"end":{"line":35,"column":null}}},"3":{"name":"(anonymous_12)","decl":{"start":{"line":17,"column":41},"end":{"line":17,"column":51}},"loc":{"start":{"line":17,"column":89},"end":{"line":35,"column":1}}},"4":{"name":"(anonymous_13)","decl":{"start":{"line":33,"column":41},"end":{"line":33,"column":42}},"loc":{"start":{"line":33,"column":51},"end":{"line":33,"column":73}}},"5":{"name":"getArticleListWithLikes","decl":{"start":{"line":37,"column":22},"end":{"line":37,"column":45}},"loc":{"start":{"line":37,"column":45},"end":{"line":71,"column":null}}},"6":{"name":"(anonymous_15)","decl":{"start":{"line":38,"column":2},"end":{"line":38,"column":4}},"loc":{"start":{"line":43,"column":8},"end":{"line":71,"column":1}}},"7":{"name":"(anonymous_16)","decl":{"start":{"line":60,"column":38},"end":{"line":60,"column":39}},"loc":{"start":{"line":60,"column":51},"end":{"line":64,"column":null}}},"8":{"name":"(anonymous_17)","decl":{"start":{"line":64,"column":41},"end":{"line":64,"column":42}},"loc":{"start":{"line":64,"column":51},"end":{"line":64,"column":73}}},"9":{"name":"updateArticleWithLikes","decl":{"start":{"line":73,"column":22},"end":{"line":73,"column":44}},"loc":{"start":{"line":73,"column":79},"end":{"line":88,"column":null}}},"10":{"name":"(anonymous_20)","decl":{"start":{"line":85,"column":34},"end":{"line":85,"column":35}},"loc":{"start":{"line":85,"column":44},"end":{"line":85,"column":71}}},"11":{"name":"deleteArticle","decl":{"start":{"line":90,"column":22},"end":{"line":90,"column":35}},"loc":{"start":{"line":90,"column":46},"end":{"line":94,"column":null}}}},"branchMap":{"0":{"loc":{"start":{"line":17,"column":53},"end":{"line":17,"column":89}},"type":"default-arg","locations":[{"start":{"line":17,"column":87},"end":{"line":17,"column":89}}]},"1":{"loc":{"start":{"line":25,"column":2},"end":{"line":27,"column":3}},"type":"if","locations":[{"start":{"line":25,"column":2},"end":{"line":27,"column":3}}]},"2":{"loc":{"start":{"line":33,"column":13},"end":{"line":33,"column":86}},"type":"cond-expr","locations":[{"start":{"line":33,"column":22},"end":{"line":33,"column":74}},{"start":{"line":33,"column":77},"end":{"line":33,"column":86}}]},"3":{"loc":{"start":{"line":39,"column":2},"end":{"line":43,"column":8}},"type":"default-arg","locations":[{"start":{"line":43,"column":6},"end":{"line":43,"column":8}}]},"4":{"loc":{"start":{"line":46,"column":11},"end":{"line":46,"column":54}},"type":"cond-expr","locations":[{"start":{"line":46,"column":21},"end":{"line":46,"column":42}},{"start":{"line":46,"column":45},"end":{"line":46,"column":54}}]},"5":{"loc":{"start":{"line":53,"column":13},"end":{"line":53,"column":73}},"type":"cond-expr","locations":[{"start":{"line":53,"column":36},"end":{"line":53,"column":57}},{"start":{"line":53,"column":60},"end":{"line":53,"column":73}}]},"6":{"loc":{"start":{"line":64,"column":13},"end":{"line":64,"column":86}},"type":"cond-expr","locations":[{"start":{"line":64,"column":22},"end":{"line":64,"column":74}},{"start":{"line":64,"column":77},"end":{"line":64,"column":86}}]},"7":{"loc":{"start":{"line":84,"column":13},"end":{"line":86,"column":17}},"type":"cond-expr","locations":[{"start":{"line":85,"column":8},"end":{"line":85,"column":72}},{"start":{"line":86,"column":8},"end":{"line":86,"column":17}}]}},"s":{"0":3,"1":3,"2":3,"3":3,"4":3,"5":3,"6":3,"7":1,"8":1,"9":6,"10":6,"11":1,"12":1,"13":1,"14":0,"15":1,"16":0,"17":1,"18":1,"19":1,"20":1,"21":1,"22":1,"23":0,"24":1,"25":1,"26":1,"27":0,"28":1},"f":{"0":1,"1":6,"2":1,"3":1,"4":0,"5":1,"6":1,"7":1,"8":0,"9":1,"10":0,"11":1},"b":{"0":[1],"1":[0],"2":[0,1],"3":[1],"4":[0,1],"5":[0,1],"6":[0,1],"7":[1,0]}}
,"/Users/minholee/Desktop/codeit/sprint-mission/8-sprint-mission/src/repositories/commentsRepository.ts": {"path":"/Users/minholee/Desktop/codeit/sprint-mission/8-sprint-mission/src/repositories/commentsRepository.ts","statementMap":{"0":{"start":{"line":5,"column":0},"end":{"line":5,"column":22}},"1":{"start":{"line":14,"column":0},"end":{"line":14,"column":22}},"2":{"start":{"line":21,"column":0},"end":{"line":21,"column":22}},"3":{"start":{"line":41,"column":0},"end":{"line":41,"column":22}},"4":{"start":{"line":48,"column":0},"end":{"line":48,"column":22}},"5":{"start":{"line":2,"column":0},"end":{"line":2,"column":51}},"6":{"start":{"line":8,"column":25},"end":{"line":10,"column":4}},"7":{"start":{"line":11,"column":2},"end":{"line":11,"column":24}},"8":{"start":{"line":15,"column":18},"end":{"line":17,"column":4}},"9":{"start":{"line":18,"column":2},"end":{"line":18,"column":17}},"10":{"start":{"line":22,"column":2},"end":{"line":39,"column":null}},"11":{"start":{"line":25,"column":29},"end":{"line":30,"column":4}},"12":{"start":{"line":31,"column":19},"end":{"line":31,"column":53}},"13":{"start":{"line":32,"column":24},"end":{"line":32,"column":73}},"14":{"start":{"line":33,"column":21},"end":{"line":33,"column":60}},"15":{"start":{"line":35,"column":2},"end":{"line":38,"column":4}},"16":{"start":{"line":42,"column":2},"end":{"line":45,"column":5}},"17":{"start":{"line":49,"column":2},"end":{"line":51,"column":5}}},"fnMap":{"0":{"name":"createComment","decl":{"start":{"line":5,"column":22},"end":{"line":5,"column":35}},"loc":{"start":{"line":6,"column":55},"end":{"line":12,"column":null}}},"1":{"name":"getComment","decl":{"start":{"line":14,"column":22},"end":{"line":14,"column":32}},"loc":{"start":{"line":14,"column":43},"end":{"line":19,"column":null}}},"2":{"name":"getCommentList","decl":{"start":{"line":21,"column":22},"end":{"line":21,"column":36}},"loc":{"start":{"line":21,"column":36},"end":{"line":39,"column":null}}},"3":{"name":"(anonymous_12)","decl":{"start":{"line":22,"column":2},"end":{"line":22,"column":51}},"loc":{"start":{"line":23,"column":43},"end":{"line":39,"column":1}}},"4":{"name":"updateComment","decl":{"start":{"line":41,"column":22},"end":{"line":41,"column":35}},"loc":{"start":{"line":41,"column":70},"end":{"line":46,"column":null}}},"5":{"name":"deleteComment","decl":{"start":{"line":48,"column":22},"end":{"line":48,"column":35}},"loc":{"start":{"line":48,"column":46},"end":{"line":52,"column":null}}}},"branchMap":{"0":{"loc":{"start":{"line":26,"column":12},"end":{"line":26,"column":47}},"type":"cond-expr","locations":[{"start":{"line":26,"column":21},"end":{"line":26,"column":35}},{"start":{"line":26,"column":38},"end":{"line":26,"column":47}}]},"1":{"loc":{"start":{"line":33,"column":21},"end":{"line":33,"column":60}},"type":"cond-expr","locations":[{"start":{"line":33,"column":37},"end":{"line":33,"column":53}},{"start":{"line":33,"column":56},"end":{"line":33,"column":60}}]}},"s":{"0":3,"1":3,"2":3,"3":3,"4":3,"5":3,"6":2,"7":2,"8":0,"9":0,"10":2,"11":2,"12":2,"13":2,"14":2,"15":2,"16":0,"17":0},"f":{"0":2,"1":0,"2":2,"3":2,"4":0,"5":0},"b":{"0":[0,2],"1":[2,0]}}
,"/Users/minholee/Desktop/codeit/sprint-mission/8-sprint-mission/src/repositories/favoritesRepository.ts": {"path":"/Users/minholee/Desktop/codeit/sprint-mission/8-sprint-mission/src/repositories/favoritesRepository.ts","statementMap":{"0":{"start":{"line":4,"column":0},"end":{"line":4,"column":22}},"1":{"start":{"line":13,"column":0},"end":{"line":13,"column":22}},"2":{"start":{"line":20,"column":0},"end":{"line":20,"column":22}},"3":{"start":{"line":26,"column":0},"end":{"line":26,"column":22}},"4":{"start":{"line":2,"column":0},"end":{"line":2,"column":51}},"5":{"start":{"line":7,"column":26},"end":{"line":9,"column":4}},"6":{"start":{"line":10,"column":2},"end":{"line":10,"column":25}},"7":{"start":{"line":14,"column":19},"end":{"line":16,"column":4}},"8":{"start":{"line":17,"column":2},"end":{"line":17,"column":18}},"9":{"start":{"line":21,"column":2},"end":{"line":23,"column":5}},"10":{"start":{"line":27,"column":2},"end":{"line":34,"column":5}}},"fnMap":{"0":{"name":"createFavorite","decl":{"start":{"line":4,"column":22},"end":{"line":4,"column":36}},"loc":{"start":{"line":5,"column":56},"end":{"line":11,"column":null}}},"1":{"name":"getFavorite","decl":{"start":{"line":13,"column":22},"end":{"line":13,"column":33}},"loc":{"start":{"line":13,"column":67},"end":{"line":18,"column":null}}},"2":{"name":"deleteFavorite","decl":{"start":{"line":20,"column":22},"end":{"line":20,"column":36}},"loc":{"start":{"line":20,"column":47},"end":{"line":24,"column":null}}},"3":{"name":"getLikedUsers","decl":{"start":{"line":26,"column":22},"end":{"line":26,"column":35}},"loc":{"start":{"line":26,"column":53},"end":{"line":35,"column":null}}}},"branchMap":{},"s":{"0":3,"1":3,"2":3,"3":3,"4":3,"5":1,"6":1,"7":2,"8":2,"9":1,"10":1},"f":{"0":1,"1":2,"2":1,"3":1},"b":{}}
,"/Users/minholee/Desktop/codeit/sprint-mission/8-sprint-mission/src/repositories/likesRepository.ts": {"path":"/Users/minholee/Desktop/codeit/sprint-mission/8-sprint-mission/src/repositories/likesRepository.ts","statementMap":{"0":{"start":{"line":4,"column":0},"end":{"line":4,"column":22}},"1":{"start":{"line":11,"column":0},"end":{"line":11,"column":22}},"2":{"start":{"line":18,"column":0},"end":{"line":18,"column":22}},"3":{"start":{"line":2,"column":0},"end":{"line":2,"column":51}},"4":{"start":{"line":5,"column":22},"end":{"line":7,"column":4}},"5":{"start":{"line":8,"column":2},"end":{"line":8,"column":21}},"6":{"start":{"line":12,"column":15},"end":{"line":14,"column":4}},"7":{"start":{"line":15,"column":2},"end":{"line":15,"column":14}},"8":{"start":{"line":19,"column":2},"end":{"line":21,"column":5}}},"fnMap":{"0":{"name":"createLike","decl":{"start":{"line":4,"column":22},"end":{"line":4,"column":32}},"loc":{"start":{"line":4,"column":83},"end":{"line":9,"column":null}}},"1":{"name":"getLike","decl":{"start":{"line":11,"column":22},"end":{"line":11,"column":29}},"loc":{"start":{"line":11,"column":63},"end":{"line":16,"column":null}}},"2":{"name":"deleteLike","decl":{"start":{"line":18,"column":22},"end":{"line":18,"column":32}},"loc":{"start":{"line":18,"column":43},"end":{"line":22,"column":null}}}},"branchMap":{},"s":{"0":3,"1":3,"2":3,"3":3,"4":1,"5":1,"6":2,"7":2,"8":1},"f":{"0":1,"1":2,"2":1},"b":{}}
,"/Users/minholee/Desktop/codeit/sprint-mission/8-sprint-mission/src/repositories/notificationsRepository.ts": {"path":"/Users/minholee/Desktop/codeit/sprint-mission/8-sprint-mission/src/repositories/notificationsRepository.ts","statementMap":{"0":{"start":{"line":9,"column":0},"end":{"line":9,"column":22}},"1":{"start":{"line":21,"column":0},"end":{"line":21,"column":22}},"2":{"start":{"line":30,"column":0},"end":{"line":30,"column":22}},"3":{"start":{"line":37,"column":0},"end":{"line":37,"column":22}},"4":{"start":{"line":1,"column":0},"end":{"line":1,"column":51}},"5":{"start":{"line":12,"column":2},"end":{"line":18,"column":5}},"6":{"start":{"line":24,"column":24},"end":{"line":26,"column":4}},"7":{"start":{"line":27,"column":2},"end":{"line":27,"column":23}},"8":{"start":{"line":31,"column":16},"end":{"line":33,"column":4}},"9":{"start":{"line":34,"column":2},"end":{"line":34,"column":15}},"10":{"start":{"line":38,"column":23},"end":{"line":43,"column":4}},"11":{"start":{"line":44,"column":2},"end":{"line":44,"column":22}}},"fnMap":{"0":{"name":"createNotification","decl":{"start":{"line":9,"column":22},"end":{"line":9,"column":40}},"loc":{"start":{"line":10,"column":30},"end":{"line":19,"column":null}}},"1":{"name":"getNotifications","decl":{"start":{"line":21,"column":22},"end":{"line":21,"column":38}},"loc":{"start":{"line":22,"column":16},"end":{"line":28,"column":null}}},"2":{"name":"getCount","decl":{"start":{"line":30,"column":22},"end":{"line":30,"column":30}},"loc":{"start":{"line":30,"column":45},"end":{"line":35,"column":null}}},"3":{"name":"patchReadStatus","decl":{"start":{"line":37,"column":22},"end":{"line":37,"column":37}},"loc":{"start":{"line":37,"column":48},"end":{"line":45,"column":null}}}},"branchMap":{},"s":{"0":3,"1":3,"2":3,"3":3,"4":3,"5":0,"6":0,"7":0,"8":0,"9":0,"10":0,"11":0},"f":{"0":0,"1":0,"2":0,"3":0},"b":{}}
,"/Users/minholee/Desktop/codeit/sprint-mission/8-sprint-mission/src/repositories/productsRepository.ts": {"path":"/Users/minholee/Desktop/codeit/sprint-mission/8-sprint-mission/src/repositories/productsRepository.ts","statementMap":{"0":{"start":{"line":5,"column":0},"end":{"line":5,"column":22}},"1":{"start":{"line":13,"column":0},"end":{"line":13,"column":22}},"2":{"start":{"line":20,"column":0},"end":{"line":20,"column":22}},"3":{"start":{"line":40,"column":0},"end":{"line":40,"column":22}},"4":{"start":{"line":87,"column":0},"end":{"line":87,"column":22}},"5":{"start":{"line":139,"column":0},"end":{"line":139,"column":22}},"6":{"start":{"line":161,"column":0},"end":{"line":161,"column":22}},"7":{"start":{"line":2,"column":0},"end":{"line":2,"column":51}},"8":{"start":{"line":8,"column":2},"end":{"line":10,"column":5}},"9":{"start":{"line":14,"column":18},"end":{"line":16,"column":4}},"10":{"start":{"line":17,"column":2},"end":{"line":17,"column":17}},"11":{"start":{"line":21,"column":18},"end":{"line":24,"column":4}},"12":{"start":{"line":25,"column":2},"end":{"line":27,"column":3}},"13":{"start":{"line":26,"column":4},"end":{"line":26,"column":16}},"14":{"start":{"line":29,"column":21},"end":{"line":35,"column":null}},"15":{"start":{"line":34,"column":45},"end":{"line":34,"column":71}},"16":{"start":{"line":37,"column":2},"end":{"line":37,"column":23}},"17":{"start":{"line":41,"column":2},"end":{"line":85,"column":null}},"18":{"start":{"line":48,"column":16},"end":{"line":55,"column":8}},"19":{"start":{"line":57,"column":21},"end":{"line":59,"column":4}},"20":{"start":{"line":61,"column":19},"end":{"line":69,"column":4}},"21":{"start":{"line":71,"column":25},"end":{"line":79,"column":5}},"22":{"start":{"line":71,"column":51},"end":{"line":78,"column":null}},"23":{"start":{"line":77,"column":47},"end":{"line":77,"column":73}},"24":{"start":{"line":81,"column":2},"end":{"line":84,"column":4}},"25":{"start":{"line":88,"column":2},"end":{"line":137,"column":null}},"26":{"start":{"line":91,"column":16},"end":{"line":98,"column":8}},"27":{"start":{"line":99,"column":21},"end":{"line":108,"column":4}},"28":{"start":{"line":109,"column":19},"end":{"line":124,"column":4}},"29":{"start":{"line":126,"column":25},"end":{"line":131,"column":5}},"30":{"start":{"line":126,"column":51},"end":{"line":130,"column":null}},"31":{"start":{"line":133,"column":2},"end":{"line":136,"column":4}},"32":{"start":{"line":143,"column":18},"end":{"line":149,"column":4}},"33":{"start":{"line":150,"column":21},"end":{"line":156,"column":null}},"34":{"start":{"line":155,"column":45},"end":{"line":155,"column":76}},"35":{"start":{"line":158,"column":2},"end":{"line":158,"column":23}},"36":{"start":{"line":162,"column":2},"end":{"line":164,"column":5}}},"fnMap":{"0":{"name":"createProduct","decl":{"start":{"line":5,"column":22},"end":{"line":5,"column":35}},"loc":{"start":{"line":6,"column":55},"end":{"line":11,"column":null}}},"1":{"name":"getProduct","decl":{"start":{"line":13,"column":22},"end":{"line":13,"column":32}},"loc":{"start":{"line":13,"column":43},"end":{"line":18,"column":null}}},"2":{"name":"getProductWithFavorites","decl":{"start":{"line":20,"column":22},"end":{"line":20,"column":45}},"loc":{"start":{"line":20,"column":73},"end":{"line":38,"column":null}}},"3":{"name":"(anonymous_13)","decl":{"start":{"line":34,"column":31},"end":{"line":34,"column":32}},"loc":{"start":{"line":34,"column":45},"end":{"line":34,"column":71}}},"4":{"name":"getProductListWithFavorites","decl":{"start":{"line":40,"column":22},"end":{"line":40,"column":49}},"loc":{"start":{"line":40,"column":49},"end":{"line":85,"column":null}}},"5":{"name":"(anonymous_15)","decl":{"start":{"line":41,"column":2},"end":{"line":41,"column":4}},"loc":{"start":{"line":46,"column":8},"end":{"line":85,"column":1}}},"6":{"name":"(anonymous_16)","decl":{"start":{"line":71,"column":38},"end":{"line":71,"column":39}},"loc":{"start":{"line":71,"column":51},"end":{"line":78,"column":null}}},"7":{"name":"(anonymous_17)","decl":{"start":{"line":77,"column":33},"end":{"line":77,"column":34}},"loc":{"start":{"line":77,"column":47},"end":{"line":77,"column":73}}},"8":{"name":"getFavoriteProductListByOwnerId","decl":{"start":{"line":87,"column":22},"end":{"line":87,"column":53}},"loc":{"start":{"line":87,"column":53},"end":{"line":137,"column":null}}},"9":{"name":"(anonymous_19)","decl":{"start":{"line":88,"column":2},"end":{"line":88,"column":17}},"loc":{"start":{"line":89,"column":60},"end":{"line":137,"column":1}}},"10":{"name":"(anonymous_20)","decl":{"start":{"line":126,"column":38},"end":{"line":126,"column":39}},"loc":{"start":{"line":126,"column":51},"end":{"line":130,"column":null}}},"11":{"name":"updateProductWithFavorites","decl":{"start":{"line":139,"column":22},"end":{"line":139,"column":48}},"loc":{"start":{"line":141,"column":24},"end":{"line":159,"column":null}}},"12":{"name":"(anonymous_23)","decl":{"start":{"line":155,"column":31},"end":{"line":155,"column":32}},"loc":{"start":{"line":155,"column":45},"end":{"line":155,"column":76}}},"13":{"name":"deleteProduct","decl":{"start":{"line":161,"column":22},"end":{"line":161,"column":35}},"loc":{"start":{"line":161,"column":46},"end":{"line":165,"column":null}}}},"branchMap":{"0":{"loc":{"start":{"line":25,"column":2},"end":{"line":27,"column":3}},"type":"if","locations":[{"start":{"line":25,"column":2},"end":{"line":27,"column":3}}]},"1":{"loc":{"start":{"line":33,"column":17},"end":{"line":35,"column":17}},"type":"cond-expr","locations":[{"start":{"line":34,"column":8},"end":{"line":34,"column":72}},{"start":{"line":35,"column":8},"end":{"line":35,"column":17}}]},"2":{"loc":{"start":{"line":42,"column":2},"end":{"line":46,"column":8}},"type":"default-arg","locations":[{"start":{"line":46,"column":6},"end":{"line":46,"column":8}}]},"3":{"loc":{"start":{"line":48,"column":16},"end":{"line":55,"column":8}},"type":"cond-expr","locations":[{"start":{"line":49,"column":6},"end":{"line":54,"column":null}},{"start":{"line":55,"column":6},"end":{"line":55,"column":8}}]},"4":{"loc":{"start":{"line":64,"column":13},"end":{"line":64,"column":66}},"type":"cond-expr","locations":[{"start":{"line":64,"column":36},"end":{"line":64,"column":50}},{"start":{"line":64,"column":53},"end":{"line":64,"column":66}}]},"5":{"loc":{"start":{"line":76,"column":6},"end":{"line":78,"column":19}},"type":"cond-expr","locations":[{"start":{"line":77,"column":10},"end":{"line":77,"column":74}},{"start":{"line":78,"column":10},"end":{"line":78,"column":19}}]},"6":{"loc":{"start":{"line":91,"column":16},"end":{"line":98,"column":8}},"type":"cond-expr","locations":[{"start":{"line":92,"column":6},"end":{"line":97,"column":null}},{"start":{"line":98,"column":6},"end":{"line":98,"column":8}}]},"7":{"loc":{"start":{"line":112,"column":13},"end":{"line":112,"column":66}},"type":"cond-expr","locations":[{"start":{"line":112,"column":36},"end":{"line":112,"column":50}},{"start":{"line":112,"column":53},"end":{"line":112,"column":66}}]},"8":{"loc":{"start":{"line":154,"column":17},"end":{"line":156,"column":17}},"type":"cond-expr","locations":[{"start":{"line":155,"column":8},"end":{"line":155,"column":77}},{"start":{"line":156,"column":8},"end":{"line":156,"column":17}}]}},"s":{"0":3,"1":3,"2":3,"3":3,"4":3,"5":3,"6":3,"7":3,"8":1,"9":6,"10":6,"11":1,"12":1,"13":0,"14":1,"15":0,"16":1,"17":2,"18":2,"19":2,"20":2,"21":2,"22":2,"23":0,"24":2,"25":0,"26":0,"27":0,"28":0,"29":0,"30":0,"31":0,"32":1,"33":1,"34":0,"35":1,"36":1},"f":{"0":1,"1":6,"2":1,"3":0,"4":2,"5":2,"6":2,"7":0,"8":0,"9":0,"10":0,"11":1,"12":0,"13":1},"b":{"0":[0],"1":[0,1],"2":[0],"3":[0,2],"4":[0,2],"5":[1,1],"6":[0,0],"7":[0,0],"8":[1,0]}}
,"/Users/minholee/Desktop/codeit/sprint-mission/8-sprint-mission/src/repositories/usersRepository.ts": {"path":"/Users/minholee/Desktop/codeit/sprint-mission/8-sprint-mission/src/repositories/usersRepository.ts","statementMap":{"0":{"start":{"line":4,"column":0},"end":{"line":4,"column":22}},"1":{"start":{"line":13,"column":0},"end":{"line":13,"column":22}},"2":{"start":{"line":20,"column":0},"end":{"line":20,"column":22}},"3":{"start":{"line":27,"column":0},"end":{"line":27,"column":22}},"4":{"start":{"line":35,"column":0},"end":{"line":35,"column":22}},"5":{"start":{"line":2,"column":0},"end":{"line":2,"column":51}},"6":{"start":{"line":7,"column":22},"end":{"line":9,"column":4}},"7":{"start":{"line":10,"column":2},"end":{"line":10,"column":21}},"8":{"start":{"line":14,"column":15},"end":{"line":16,"column":4}},"9":{"start":{"line":17,"column":2},"end":{"line":17,"column":14}},"10":{"start":{"line":21,"column":15},"end":{"line":23,"column":4}},"11":{"start":{"line":24,"column":2},"end":{"line":24,"column":14}},"12":{"start":{"line":28,"column":22},"end":{"line":31,"column":4}},"13":{"start":{"line":32,"column":2},"end":{"line":32,"column":21}},"14":{"start":{"line":36,"column":2},"end":{"line":38,"column":5}}},"fnMap":{"0":{"name":"createUser","decl":{"start":{"line":4,"column":22},"end":{"line":4,"column":32}},"loc":{"start":{"line":5,"column":52},"end":{"line":11,"column":null}}},"1":{"name":"getUser","decl":{"start":{"line":13,"column":22},"end":{"line":13,"column":29}},"loc":{"start":{"line":13,"column":40},"end":{"line":18,"column":null}}},"2":{"name":"getUserByEmail","decl":{"start":{"line":20,"column":22},"end":{"line":20,"column":36}},"loc":{"start":{"line":20,"column":50},"end":{"line":25,"column":null}}},"3":{"name":"updateUser","decl":{"start":{"line":27,"column":22},"end":{"line":27,"column":32}},"loc":{"start":{"line":27,"column":64},"end":{"line":33,"column":null}}},"4":{"name":"deleteUser","decl":{"start":{"line":35,"column":22},"end":{"line":35,"column":32}},"loc":{"start":{"line":35,"column":43},"end":{"line":39,"column":null}}}},"branchMap":{},"s":{"0":3,"1":3,"2":3,"3":3,"4":3,"5":3,"6":1,"7":1,"8":17,"9":17,"10":21,"11":21,"12":0,"13":0,"14":0},"f":{"0":1,"1":17,"2":21,"3":0,"4":0},"b":{}}
,"/Users/minholee/Desktop/codeit/sprint-mission/8-sprint-mission/src/routers/articlesRouter.ts": {"path":"/Users/minholee/Desktop/codeit/sprint-mission/8-sprint-mission/src/routers/articlesRouter.ts","statementMap":{"0":{"start":{"line":1,"column":0},"end":{"line":1,"column":30}},"1":{"start":{"line":2,"column":0},"end":{"line":2,"column":45}},"2":{"start":{"line":3,"column":0},"end":{"line":3,"column":null}},"3":{"start":{"line":14,"column":0},"end":{"line":14,"column":55}},"4":{"start":{"line":16,"column":23},"end":{"line":16,"column":39}},"5":{"start":{"line":18,"column":0},"end":{"line":18,"column":67}},"6":{"start":{"line":19,"column":0},"end":{"line":19,"column":85}},"7":{"start":{"line":20,"column":0},"end":{"line":20,"column":84}},"8":{"start":{"line":21,"column":0},"end":{"line":21,"column":71}},"9":{"start":{"line":22,"column":0},"end":{"line":22,"column":72}},"10":{"start":{"line":23,"column":0},"end":{"line":23,"column":79}},"11":{"start":{"line":24,"column":0},"end":{"line":24,"column":63}},"12":{"start":{"line":25,"column":0},"end":{"line":25,"column":73}},"13":{"start":{"line":26,"column":0},"end":{"line":26,"column":75}},"14":{"start":{"line":28,"column":0},"end":{"line":28,"column":30}}},"fnMap":{},"branchMap":{},"s":{"0":3,"1":3,"2":3,"3":3,"4":3,"5":3,"6":3,"7":3,"8":3,"9":3,"10":3,"11":3,"12":3,"13":3,"14":3},"f":{},"b":{}}
,"/Users/minholee/Desktop/codeit/sprint-mission/8-sprint-mission/src/routers/authRouter.ts": {"path":"/Users/minholee/Desktop/codeit/sprint-mission/8-sprint-mission/src/routers/authRouter.ts","statementMap":{"0":{"start":{"line":1,"column":0},"end":{"line":1,"column":30}},"1":{"start":{"line":2,"column":0},"end":{"line":2,"column":86}},"2":{"start":{"line":3,"column":0},"end":{"line":3,"column":45}},"3":{"start":{"line":5,"column":19},"end":{"line":5,"column":35}},"4":{"start":{"line":7,"column":0},"end":{"line":7,"column":50}},"5":{"start":{"line":8,"column":0},"end":{"line":8,"column":44}},"6":{"start":{"line":9,"column":0},"end":{"line":9,"column":46}},"7":{"start":{"line":10,"column":0},"end":{"line":10,"column":53}},"8":{"start":{"line":12,"column":0},"end":{"line":12,"column":26}}},"fnMap":{},"branchMap":{},"s":{"0":3,"1":3,"2":3,"3":3,"4":3,"5":3,"6":3,"7":3,"8":3},"f":{},"b":{}}
,"/Users/minholee/Desktop/codeit/sprint-mission/8-sprint-mission/src/routers/commentsRouter.ts": {"path":"/Users/minholee/Desktop/codeit/sprint-mission/8-sprint-mission/src/routers/commentsRouter.ts","statementMap":{"0":{"start":{"line":1,"column":0},"end":{"line":1,"column":30}},"1":{"start":{"line":2,"column":0},"end":{"line":2,"column":45}},"2":{"start":{"line":3,"column":0},"end":{"line":3,"column":81}},"3":{"start":{"line":4,"column":0},"end":{"line":4,"column":55}},"4":{"start":{"line":6,"column":23},"end":{"line":6,"column":39}},"5":{"start":{"line":8,"column":0},"end":{"line":8,"column":71}},"6":{"start":{"line":9,"column":0},"end":{"line":9,"column":72}},"7":{"start":{"line":11,"column":0},"end":{"line":11,"column":30}}},"fnMap":{},"branchMap":{},"s":{"0":3,"1":3,"2":3,"3":3,"4":3,"5":3,"6":3,"7":3},"f":{},"b":{}}
,"/Users/minholee/Desktop/codeit/sprint-mission/8-sprint-mission/src/routers/imagesRouter.ts": {"path":"/Users/minholee/Desktop/codeit/sprint-mission/8-sprint-mission/src/routers/imagesRouter.ts","statementMap":{"0":{"start":{"line":1,"column":0},"end":{"line":1,"column":30}},"1":{"start":{"line":2,"column":0},"end":{"line":2,"column":45}},"2":{"start":{"line":3,"column":0},"end":{"line":3,"column":70}},"3":{"start":{"line":5,"column":21},"end":{"line":5,"column":37}},"4":{"start":{"line":7,"column":0},"end":{"line":7,"column":77}},"5":{"start":{"line":9,"column":0},"end":{"line":9,"column":28}}},"fnMap":{},"branchMap":{},"s":{"0":3,"1":3,"2":3,"3":3,"4":3,"5":3},"f":{},"b":{}}
,"/Users/minholee/Desktop/codeit/sprint-mission/8-sprint-mission/src/routers/notificationsRouter.ts": {"path":"/Users/minholee/Desktop/codeit/sprint-mission/8-sprint-mission/src/routers/notificationsRouter.ts","statementMap":{"0":{"start":{"line":1,"column":0},"end":{"line":1,"column":30}},"1":{"start":{"line":3,"column":0},"end":{"line":3,"column":45}},"2":{"start":{"line":4,"column":0},"end":{"line":4,"column":55}},"3":{"start":{"line":5,"column":0},"end":{"line":5,"column":73}},"4":{"start":{"line":7,"column":27},"end":{"line":7,"column":43}},"5":{"start":{"line":9,"column":0},"end":{"line":13,"column":2}},"6":{"start":{"line":15,"column":0},"end":{"line":15,"column":34}}},"fnMap":{},"branchMap":{},"s":{"0":3,"1":3,"2":3,"3":3,"4":3,"5":3,"6":3},"f":{},"b":{}}
,"/Users/minholee/Desktop/codeit/sprint-mission/8-sprint-mission/src/routers/productsRouter.ts": {"path":"/Users/minholee/Desktop/codeit/sprint-mission/8-sprint-mission/src/routers/productsRouter.ts","statementMap":{"0":{"start":{"line":1,"column":0},"end":{"line":1,"column":30}},"1":{"start":{"line":2,"column":0},"end":{"line":2,"column":45}},"2":{"start":{"line":3,"column":0},"end":{"line":3,"column":null}},"3":{"start":{"line":14,"column":0},"end":{"line":14,"column":55}},"4":{"start":{"line":16,"column":23},"end":{"line":16,"column":39}},"5":{"start":{"line":18,"column":0},"end":{"line":18,"column":67}},"6":{"start":{"line":19,"column":0},"end":{"line":19,"column":84}},"7":{"start":{"line":20,"column":0},"end":{"line":20,"column":71}},"8":{"start":{"line":21,"column":0},"end":{"line":21,"column":72}},"9":{"start":{"line":22,"column":0},"end":{"line":22,"column":85}},"10":{"start":{"line":23,"column":0},"end":{"line":23,"column":79}},"11":{"start":{"line":24,"column":0},"end":{"line":24,"column":63}},"12":{"start":{"line":25,"column":0},"end":{"line":25,"column":81}},"13":{"start":{"line":26,"column":0},"end":{"line":26,"column":83}},"14":{"start":{"line":28,"column":0},"end":{"line":28,"column":30}}},"fnMap":{},"branchMap":{},"s":{"0":3,"1":3,"2":3,"3":3,"4":3,"5":3,"6":3,"7":3,"8":3,"9":3,"10":3,"11":3,"12":3,"13":3,"14":3},"f":{},"b":{}}
,"/Users/minholee/Desktop/codeit/sprint-mission/8-sprint-mission/src/routers/usersRouter.ts": {"path":"/Users/minholee/Desktop/codeit/sprint-mission/8-sprint-mission/src/routers/usersRouter.ts","statementMap":{"0":{"start":{"line":1,"column":0},"end":{"line":1,"column":30}},"1":{"start":{"line":2,"column":0},"end":{"line":2,"column":45}},"2":{"start":{"line":3,"column":0},"end":{"line":3,"column":null}},"3":{"start":{"line":10,"column":0},"end":{"line":10,"column":74}},"4":{"start":{"line":11,"column":0},"end":{"line":11,"column":55}},"5":{"start":{"line":13,"column":20},"end":{"line":13,"column":36}},"6":{"start":{"line":15,"column":0},"end":{"line":15,"column":57}},"7":{"start":{"line":16,"column":0},"end":{"line":16,"column":62}},"8":{"start":{"line":17,"column":0},"end":{"line":17,"column":79}},"9":{"start":{"line":18,"column":0},"end":{"line":18,"column":77}},"10":{"start":{"line":19,"column":0},"end":{"line":19,"column":79}},"11":{"start":{"line":20,"column":0},"end":{"line":24,"column":2}},"12":{"start":{"line":26,"column":0},"end":{"line":26,"column":27}}},"fnMap":{},"branchMap":{},"s":{"0":3,"1":3,"2":3,"3":3,"4":3,"5":3,"6":3,"7":3,"8":3,"9":3,"10":3,"11":3,"12":3},"f":{},"b":{}}
,"/Users/minholee/Desktop/codeit/sprint-mission/8-sprint-mission/src/services/articlesService.ts": {"path":"/Users/minholee/Desktop/codeit/sprint-mission/8-sprint-mission/src/services/articlesService.ts","statementMap":{"0":{"start":{"line":10,"column":0},"end":{"line":10,"column":22}},"1":{"start":{"line":19,"column":0},"end":{"line":19,"column":22}},"2":{"start":{"line":27,"column":0},"end":{"line":27,"column":22}},"3":{"start":{"line":34,"column":0},"end":{"line":34,"column":22}},"4":{"start":{"line":48,"column":0},"end":{"line":48,"column":22}},"5":{"start":{"line":1,"column":0},"end":{"line":1,"column":73}},"6":{"start":{"line":3,"column":0},"end":{"line":3,"column":58}},"7":{"start":{"line":4,"column":0},"end":{"line":4,"column":56}},"8":{"start":{"line":11,"column":25},"end":{"line":11,"column":69}},"9":{"start":{"line":12,"column":2},"end":{"line":15,"column":null}},"10":{"start":{"line":20,"column":18},"end":{"line":20,"column":65}},"11":{"start":{"line":21,"column":2},"end":{"line":23,"column":3}},"12":{"start":{"line":22,"column":4},"end":{"line":22,"column":43}},"13":{"start":{"line":24,"column":2},"end":{"line":24,"column":17}},"14":{"start":{"line":30,"column":19},"end":{"line":30,"column":75}},"15":{"start":{"line":31,"column":2},"end":{"line":31,"column":18}},"16":{"start":{"line":35,"column":26},"end":{"line":35,"column":65}},"17":{"start":{"line":36,"column":2},"end":{"line":38,"column":3}},"18":{"start":{"line":37,"column":4},"end":{"line":37,"column":43}},"19":{"start":{"line":40,"column":2},"end":{"line":42,"column":3}},"20":{"start":{"line":41,"column":4},"end":{"line":41,"column":67}},"21":{"start":{"line":44,"column":25},"end":{"line":44,"column":82}},"22":{"start":{"line":45,"column":2},"end":{"line":45,"column":24}},"23":{"start":{"line":49,"column":26},"end":{"line":49,"column":65}},"24":{"start":{"line":50,"column":2},"end":{"line":52,"column":3}},"25":{"start":{"line":51,"column":4},"end":{"line":51,"column":43}},"26":{"start":{"line":54,"column":2},"end":{"line":56,"column":3}},"27":{"start":{"line":55,"column":4},"end":{"line":55,"column":67}},"28":{"start":{"line":58,"column":2},"end":{"line":58,"column":45}}},"fnMap":{"0":{"name":"createArticle","decl":{"start":{"line":10,"column":22},"end":{"line":10,"column":35}},"loc":{"start":{"line":10,"column":59},"end":{"line":17,"column":null}}},"1":{"name":"getArticle","decl":{"start":{"line":19,"column":22},"end":{"line":19,"column":32}},"loc":{"start":{"line":19,"column":43},"end":{"line":25,"column":null}}},"2":{"name":"getArticleList","decl":{"start":{"line":27,"column":22},"end":{"line":27,"column":36}},"loc":{"start":{"line":28,"column":30},"end":{"line":32,"column":null}}},"3":{"name":"updateArticle","decl":{"start":{"line":34,"column":22},"end":{"line":34,"column":35}},"loc":{"start":{"line":34,"column":71},"end":{"line":46,"column":null}}},"4":{"name":"deleteArticle","decl":{"start":{"line":48,"column":22},"end":{"line":48,"column":35}},"loc":{"start":{"line":48,"column":62},"end":{"line":59,"column":null}}}},"branchMap":{"0":{"loc":{"start":{"line":21,"column":2},"end":{"line":23,"column":3}},"type":"if","locations":[{"start":{"line":21,"column":2},"end":{"line":23,"column":3}}]},"1":{"loc":{"start":{"line":36,"column":2},"end":{"line":38,"column":3}},"type":"if","locations":[{"start":{"line":36,"column":2},"end":{"line":38,"column":3}}]},"2":{"loc":{"start":{"line":40,"column":2},"end":{"line":42,"column":3}},"type":"if","locations":[{"start":{"line":40,"column":2},"end":{"line":42,"column":3}}]},"3":{"loc":{"start":{"line":50,"column":2},"end":{"line":52,"column":3}},"type":"if","locations":[{"start":{"line":50,"column":2},"end":{"line":52,"column":3}}]},"4":{"loc":{"start":{"line":54,"column":2},"end":{"line":56,"column":3}},"type":"if","locations":[{"start":{"line":54,"column":2},"end":{"line":56,"column":3}}]}},"s":{"0":3,"1":3,"2":3,"3":3,"4":3,"5":3,"6":3,"7":3,"8":1,"9":1,"10":1,"11":1,"12":0,"13":1,"14":1,"15":1,"16":1,"17":1,"18":0,"19":1,"20":0,"21":1,"22":1,"23":1,"24":1,"25":0,"26":1,"27":0,"28":1},"f":{"0":1,"1":1,"2":1,"3":1,"4":1},"b":{"0":[0],"1":[0],"2":[0],"3":[0],"4":[0]}}
[...]
,"/Users/minholee/Desktop/codeit/sprint-mission/8-sprint-mission/src/services/likesService.ts": {"path":"/Users/minholee/Desktop/codeit/sprint-mission/8-sprint-mission/src/services/likesService.ts","statementMap":{"0":{"start":{"line":6,"column":0},"end":{"line":6,"column":22}},"1":{"start":{"line":20,"column":0},"end":{"line":20,"column":22}},"2":{"start":{"line":1,"column":0},"end":{"line":1,"column":67}},"3":{"start":{"line":2,"column":0},"end":{"line":2,"column":73}},"4":{"start":{"line":3,"column":0},"end":{"line":3,"column":56}},"5":{"start":{"line":4,"column":0},"end":{"line":4,"column":60}},"6":{"start":{"line":7,"column":26},"end":{"line":7,"column":72}},"7":{"start":{"line":8,"column":2},"end":{"line":10,"column":3}},"8":{"start":{"line":9,"column":4},"end":{"line":9,"column":50}},"9":{"start":{"line":12,"column":23},"end":{"line":12,"column":71}},"10":{"start":{"line":13,"column":2},"end":{"line":15,"column":3}},"11":{"start":{"line":14,"column":4},"end":{"line":14,"column":47}},"12":{"start":{"line":17,"column":2},"end":{"line":17,"column":58}},"13":{"start":{"line":21,"column":26},"end":{"line":21,"column":72}},"14":{"start":{"line":22,"column":2},"end":{"line":24,"column":3}},"15":{"start":{"line":23,"column":4},"end":{"line":23,"column":50}},"16":{"start":{"line":26,"column":23},"end":{"line":26,"column":71}},"17":{"start":{"line":27,"column":2},"end":{"line":29,"column":3}},"18":{"start":{"line":28,"column":4},"end":{"line":28,"column":43}},"19":{"start":{"line":31,"column":2},"end":{"line":31,"column":52}}},"fnMap":{"0":{"name":"createLike","decl":{"start":{"line":6,"column":22},"end":{"line":6,"column":32}},"loc":{"start":{"line":6,"column":66},"end":{"line":18,"column":null}}},"1":{"name":"deleteLike","decl":{"start":{"line":20,"column":22},"end":{"line":20,"column":32}},"loc":{"start":{"line":20,"column":66},"end":{"line":32,"column":null}}}},"branchMap":{"0":{"loc":{"start":{"line":8,"column":2},"end":{"line":10,"column":3}},"type":"if","locations":[{"start":{"line":8,"column":2},"end":{"line":10,"column":3}}]},"1":{"loc":{"start":{"line":13,"column":2},"end":{"line":15,"column":3}},"type":"if","locations":[{"start":{"line":13,"column":2},"end":{"line":15,"column":3}}]},"2":{"loc":{"start":{"line":22,"column":2},"end":{"line":24,"column":3}},"type":"if","locations":[{"start":{"line":22,"column":2},"end":{"line":24,"column":3}}]},"3":{"loc":{"start":{"line":27,"column":2},"end":{"line":29,"column":3}},"type":"if","locations":[{"start":{"line":27,"column":2},"end":{"line":29,"column":3}}]}},"s":{"0":3,"1":3,"2":3,"3":3,"4":3,"5":3,"6":1,"7":1,"8":0,"9":1,"10":1,"11":0,"12":1,"13":1,"14":1,"15":0,"16":1,"17":1,"18":0,"19":1},"f":{"0":1,"1":1},"b":{"0":[0],"1":[0],"2":[0],"3":[0]}}
,"/Users/minholee/Desktop/codeit/sprint-mission/8-sprint-mission/src/services/notificationsService.ts": {"path":"/Users/minholee/Desktop/codeit/sprint-mission/8-sprint-mission/src/services/notificationsService.ts","statementMap":{"0":{"start":{"line":4,"column":0},"end":{"line":4,"column":22}},"1":{"start":{"line":14,"column":0},"end":{"line":14,"column":22}},"2":{"start":{"line":1,"column":0},"end":{"line":1,"column":82}},"3":{"start":{"line":7,"column":33},"end":{"line":10,"column":4}},"4":{"start":{"line":11,"column":2},"end":{"line":11,"column":34}},"5":{"start":{"line":15,"column":23},"end":{"line":15,"column":71}},"6":{"start":{"line":16,"column":2},"end":{"line":16,"column":22}}},"fnMap":{"0":{"name":"getUserNotifications","decl":{"start":{"line":4,"column":22},"end":{"line":4,"column":42}},"loc":{"start":{"line":5,"column":16},"end":{"line":12,"column":null}}},"1":{"name":"patchRead","decl":{"start":{"line":14,"column":22},"end":{"line":14,"column":31}},"loc":{"start":{"line":14,"column":42},"end":{"line":17,"column":null}}}},"branchMap":{},"s":{"0":3,"1":3,"2":3,"3":0,"4":0,"5":0,"6":0},"f":{"0":0,"1":0},"b":{}}
,"/Users/minholee/Desktop/codeit/sprint-mission/8-sprint-mission/src/services/productsService.ts": {"path":"/Users/minholee/Desktop/codeit/sprint-mission/8-sprint-mission/src/services/productsService.ts","statementMap":{"0":{"start":{"line":19,"column":0},"end":{"line":19,"column":22}},"1":{"start":{"line":28,"column":0},"end":{"line":28,"column":22}},"2":{"start":{"line":36,"column":0},"end":{"line":36,"column":22}},"3":{"start":{"line":47,"column":0},"end":{"line":47,"column":22}},"4":{"start":{"line":79,"column":0},"end":{"line":79,"column":22}},"5":{"start":{"line":1,"column":0},"end":{"line":1,"column":58}},"6":{"start":{"line":2,"column":0},"end":{"line":2,"column":56}},"7":{"start":{"line":3,"column":0},"end":{"line":3,"column":73}},"8":{"start":{"line":4,"column":0},"end":{"line":4,"column":74}},"9":{"start":{"line":5,"column":0},"end":{"line":5,"column":82}},"10":{"start":{"line":11,"column":0},"end":{"line":11,"column":51}},"11":{"start":{"line":20,"column":25},"end":{"line":20,"column":69}},"12":{"start":{"line":21,"column":2},"end":{"line":24,"column":null}},"13":{"start":{"line":29,"column":18},"end":{"line":29,"column":70}},"14":{"start":{"line":30,"column":2},"end":{"line":32,"column":3}},"15":{"start":{"line":31,"column":4},"end":{"line":31,"column":43}},"16":{"start":{"line":33,"column":2},"end":{"line":33,"column":17}},"17":{"start":{"line":37,"column":2},"end":{"line":45,"column":null}},"18":{"start":{"line":40,"column":19},"end":{"line":42,"column":null}},"19":{"start":{"line":44,"column":2},"end":{"line":44,"column":18}},"20":{"start":{"line":51,"column":26},"end":{"line":51,"column":65}},"21":{"start":{"line":52,"column":2},"end":{"line":54,"column":3}},"22":{"start":{"line":53,"column":4},"end":{"line":53,"column":43}},"23":{"start":{"line":55,"column":2},"end":{"line":57,"column":3}},"24":{"start":{"line":56,"column":4},"end":{"line":56,"column":67}},"25":{"start":{"line":58,"column":25},"end":{"line":60,"column":null}},"26":{"start":{"line":62,"column":2},"end":{"line":75,"column":3}},"27":{"start":{"line":63,"column":22},"end":{"line":63,"column":64}},"28":{"start":{"line":64,"column":4},"end":{"line":74,"column":5}},"29":{"start":{"line":65,"column":27},"end":{"line":72,"column":8}},"30":{"start":{"line":73,"column":6},"end":{"line":73,"column":51}},"31":{"start":{"line":76,"column":2},"end":{"line":76,"column":24}},"32":{"start":{"line":80,"column":26},"end":{"line":80,"column":65}},"33":{"start":{"line":81,"column":2},"end":{"line":83,"column":3}},"34":{"start":{"line":82,"column":4},"end":{"line":82,"column":43}},"35":{"start":{"line":84,"column":2},"end":{"line":86,"column":3}},"36":{"start":{"line":85,"column":4},"end":{"line":85,"column":67}},"37":{"start":{"line":87,"column":2},"end":{"line":87,"column":45}}},"fnMap":{"0":{"name":"createProduct","decl":{"start":{"line":19,"column":22},"end":{"line":19,"column":35}},"loc":{"start":{"line":19,"column":59},"end":{"line":26,"column":null}}},"1":{"name":"getProduct","decl":{"start":{"line":28,"column":22},"end":{"line":28,"column":32}},"loc":{"start":{"line":28,"column":43},"end":{"line":34,"column":null}}},"2":{"name":"getProductList","decl":{"start":{"line":36,"column":22},"end":{"line":36,"column":36}},"loc":{"start":{"line":36,"column":36},"end":{"line":45,"column":null}}},"3":{"name":"(anonymous_22)","decl":{"start":{"line":37,"column":2},"end":{"line":37,"column":30}},"loc":{"start":{"line":38,"column":38},"end":{"line":45,"column":1}}},"4":{"name":"updateProduct","decl":{"start":{"line":47,"column":22},"end":{"line":47,"column":35}},"loc":{"start":{"line":49,"column":25},"end":{"line":77,"column":null}}},"5":{"name":"deleteProduct","decl":{"start":{"line":79,"column":22},"end":{"line":79,"column":35}},"loc":{"start":{"line":79,"column":62},"end":{"line":88,"column":null}}}},"branchMap":{"0":{"loc":{"start":{"line":30,"column":2},"end":{"line":32,"column":3}},"type":"if","locations":[{"start":{"line":30,"column":2},"end":{"line":32,"column":3}}]},"1":{"loc":{"start":{"line":38,"column":2},"end":{"line":38,"column":38}},"type":"default-arg","locations":[{"start":{"line":38,"column":36},"end":{"line":38,"column":38}}]},"2":{"loc":{"start":{"line":52,"column":2},"end":{"line":54,"column":3}},"type":"if","locations":[{"start":{"line":52,"column":2},"end":{"line":54,"column":3}}]},"3":{"loc":{"start":{"line":55,"column":2},"end":{"line":57,"column":3}},"type":"if","locations":[{"start":{"line":55,"column":2},"end":{"line":57,"column":3}}]},"4":{"loc":{"start":{"line":62,"column":2},"end":{"line":75,"column":3}},"type":"if","locations":[{"start":{"line":62,"column":2},"end":{"line":75,"column":3}}]},"5":{"loc":{"start":{"line":62,"column":6},"end":{"line":62,"column":56}},"type":"binary-expr","locations":[{"start":{"line":62,"column":6},"end":{"line":62,"column":16}},{"start":{"line":62,"column":20},"end":{"line":62,"column":56}}]},"6":{"loc":{"start":{"line":81,"column":2},"end":{"line":83,"column":3}},"type":"if","locations":[{"start":{"line":81,"column":2},"end":{"line":83,"column":3}}]},"7":{"loc":{"start":{"line":84,"column":2},"end":{"line":86,"column":3}},"type":"if","locations":[{"start":{"line":84,"column":2},"end":{"line":86,"column":3}}]}},"s":{"0":3,"1":3,"2":3,"3":3,"4":3,"5":3,"6":3,"7":3,"8":3,"9":3,"10":3,"11":1,"12":1,"13":1,"14":1,"15":0,"16":1,"17":2,"18":2,"19":2,"20":1,"21":1,"22":0,"23":1,"24":0,"25":1,"26":1,"27":1,"28":1,"29":0,"30":0,"31":1,"32":1,"33":1,"34":0,"35":1,"36":0,"37":1},"f":{"0":1,"1":1,"2":2,"3":2,"4":1,"5":1},"b":{"0":[0],"1":[0],"2":[0],"3":[0],"4":[1],"5":[1,1],"6":[0],"7":[0]}}
,"/Users/minholee/Desktop/codeit/sprint-mission/8-sprint-mission/src/services/socketService.ts": {"path":"/Users/minholee/Desktop/codeit/sprint-mission/8-sprint-mission/src/services/socketService.ts","statementMap":{"0":{"start":{"line":8,"column":0},"end":{"line":8,"column":16}},"1":{"start":{"line":42,"column":0},"end":{"line":42,"column":16}},"2":{"start":{"line":1,"column":0},"end":{"line":1,"column":35}},"3":{"start":{"line":3,"column":0},"end":{"line":3,"column":49}},"4":{"start":{"line":9,"column":2},"end":{"line":15,"column":5}},"5":{"start":{"line":16,"column":2},"end":{"line":16,"column":26}},"6":{"start":{"line":18,"column":2},"end":{"line":28,"column":5}},"7":{"start":{"line":19,"column":28},"end":{"line":19,"column":49}},"8":{"start":{"line":20,"column":4},"end":{"line":27,"column":5}},"9":{"start":{"line":21,"column":22},"end":{"line":21,"column":52}},"10":{"start":{"line":22,"column":6},"end":{"line":22,"column":42}},"11":{"start":{"line":23,"column":6},"end":{"line":23,"column":13}},"12":{"start":{"line":25,"column":6},"end":{"line":25,"column":36}},"13":{"start":{"line":26,"column":6},"end":{"line":26,"column":43}},"14":{"start":{"line":31,"column":2},"end":{"line":39,"column":5}},"15":{"start":{"line":32,"column":19},"end":{"line":32,"column":37}},"16":{"start":{"line":33,"column":4},"end":{"line":33,"column":50}},"17":{"start":{"line":34,"column":4},"end":{"line":34,"column":35}},"18":{"start":{"line":35,"column":4},"end":{"line":35,"column":41}},"19":{"start":{"line":36,"column":4},"end":{"line":38,"column":7}},"20":{"start":{"line":37,"column":6},"end":{"line":37,"column":41}},"21":{"start":{"line":43,"column":2},"end":{"line":46,"column":3}},"22":{"start":{"line":44,"column":4},"end":{"line":44,"column":32}},"23":{"start":{"line":45,"column":4},"end":{"line":45,"column":11}},"24":{"start":{"line":47,"column":2},"end":{"line":47,"column":62}}},"fnMap":{"0":{"name":"setupSocket","decl":{"start":{"line":8,"column":16},"end":{"line":8,"column":27}},"loc":{"start":{"line":8,"column":47},"end":{"line":40,"column":1}}},"1":{"name":"(anonymous_1)","decl":{"start":{"line":18,"column":9},"end":{"line":18,"column":10}},"loc":{"start":{"line":18,"column":26},"end":{"line":28,"column":3}}},"2":{"name":"(anonymous_2)","decl":{"start":{"line":31,"column":22},"end":{"line":31,"column":23}},"loc":{"start":{"line":31,"column":33},"end":{"line":39,"column":3}}},"3":{"name":"(anonymous_3)","decl":{"start":{"line":36,"column":28},"end":{"line":36,"column":31}},"loc":{"start":{"line":36,"column":33},"end":{"line":38,"column":5}}},"4":{"name":"sendNotification","decl":{"start":{"line":42,"column":16},"end":{"line":42,"column":32}},"loc":{"start":{"line":42,"column":69},"end":{"line":48,"column":1}}}},"branchMap":{"0":{"loc":{"start":{"line":43,"column":2},"end":{"line":46,"column":3}},"type":"if","locations":[{"start":{"line":43,"column":2},"end":{"line":46,"column":3}}]}},"s":{"0":3,"1":3,"2":3,"3":3,"4":3,"5":3,"6":3,"7":0,"8":0,"9":0,"10":0,"11":0,"12":0,"13":0,"14":3,"15":0,"16":0,"17":0,"18":0,"19":0,"20":0,"21":0,"22":0,"23":0,"24":0},"f":{"0":3,"1":0,"2":0,"3":0,"4":0},"b":{"0":[0]}}
,"/Users/minholee/Desktop/codeit/sprint-mission/8-sprint-mission/src/services/usersService.ts": {"path":"/Users/minholee/Desktop/codeit/sprint-mission/8-sprint-mission/src/services/usersService.ts","statementMap":{"0":{"start":{"line":10,"column":0},"end":{"line":10,"column":22}},"1":{"start":{"line":19,"column":0},"end":{"line":19,"column":22}},"2":{"start":{"line":24,"column":0},"end":{"line":24,"column":22}},"3":{"start":{"line":32,"column":0},"end":{"line":32,"column":22}},"4":{"start":{"line":3,"column":0},"end":{"line":3,"column":67}},"5":{"start":{"line":4,"column":0},"end":{"line":4,"column":73}},"6":{"start":{"line":5,"column":0},"end":{"line":5,"column":56}},"7":{"start":{"line":11,"column":15},"end":{"line":11,"column":52}},"8":{"start":{"line":12,"column":2},"end":{"line":14,"column":3}},"9":{"start":{"line":13,"column":4},"end":{"line":13,"column":44}},"10":{"start":{"line":16,"column":2},"end":{"line":16,"column":14}},"11":{"start":{"line":20,"column":22},"end":{"line":20,"column":68}},"12":{"start":{"line":21,"column":2},"end":{"line":21,"column":21}},"13":{"start":{"line":28,"column":17},"end":{"line":28,"column":89}},"14":{"start":{"line":29,"column":2},"end":{"line":29,"column":16}},"15":{"start":{"line":36,"column":17},"end":{"line":36,"column":89}},"16":{"start":{"line":37,"column":2},"end":{"line":37,"column":16}}},"fnMap":{"0":{"name":"getUser","decl":{"start":{"line":10,"column":22},"end":{"line":10,"column":29}},"loc":{"start":{"line":10,"column":44},"end":{"line":17,"column":null}}},"1":{"name":"updateUser","decl":{"start":{"line":19,"column":22},"end":{"line":19,"column":32}},"loc":{"start":{"line":19,"column":78},"end":{"line":22,"column":null}}},"2":{"name":"getMyProductList","decl":{"start":{"line":24,"column":22},"end":{"line":24,"column":38}},"loc":{"start":{"line":26,"column":30},"end":{"line":30,"column":null}}},"3":{"name":"getMyFavoriteList","decl":{"start":{"line":32,"column":22},"end":{"line":32,"column":39}},"loc":{"start":{"line":34,"column":30},"end":{"line":38,"column":null}}}},"branchMap":{"0":{"loc":{"start":{"line":12,"column":2},"end":{"line":14,"column":3}},"type":"if","locations":[{"start":{"line":12,"column":2},"end":{"line":14,"column":3}}]}},"s":{"0":3,"1":3,"2":3,"3":3,"4":3,"5":3,"6":3,"7":0,"8":0,"9":0,"10":0,"11":0,"12":0,"13":0,"14":0,"15":0,"16":0},"f":{"0":0,"1":0,"2":0,"3":0},"b":{"0":[0]}}
,"/Users/minholee/Desktop/codeit/sprint-mission/8-sprint-mission/src/structs/articlesStructs.ts": {"path":"/Users/minholee/Desktop/codeit/sprint-mission/8-sprint-mission/src/structs/articlesStructs.ts","statementMap":{"0":{"start":{"line":1,"column":0},"end":{"line":1,"column":82}},"1":{"start":{"line":2,"column":0},"end":{"line":2,"column":51}},"2":{"start":{"line":4,"column":13},"end":{"line":4,"column":59}},"3":{"start":{"line":6,"column":13},"end":{"line":10,"column":3}},"4":{"start":{"line":7,"column":57},"end":{"line":7,"column":69}},"5":{"start":{"line":12,"column":13},"end":{"line":12,"column":72}}},"fnMap":{"0":{"name":"(anonymous_0)","decl":{"start":{"line":7,"column":46},"end":{"line":7,"column":47}},"loc":{"start":{"line":7,"column":57},"end":{"line":7,"column":69}}}},"branchMap":{},"s":{"0":3,"1":3,"2":3,"3":3,"4":1,"5":3},"f":{"0":1},"b":{}}
,"/Users/minholee/Desktop/codeit/sprint-mission/8-sprint-mission/src/structs/authStructs.ts": {"path":"/Users/minholee/Desktop/codeit/sprint-mission/8-sprint-mission/src/structs/authStructs.ts","statementMap":{"0":{"start":{"line":1,"column":0},"end":{"line":1,"column":65}},"1":{"start":{"line":3,"column":13},"end":{"line":8,"column":3}},"2":{"start":{"line":10,"column":13},"end":{"line":13,"column":3}}},"fnMap":{},"branchMap":{},"s":{"0":3,"1":3,"2":3},"f":{},"b":{}}
,"/Users/minholee/Desktop/codeit/sprint-mission/8-sprint-mission/src/structs/commentsStruct.ts": {"path":"/Users/minholee/Desktop/codeit/sprint-mission/8-sprint-mission/src/structs/commentsStruct.ts","statementMap":{"0":{"start":{"line":1,"column":0},"end":{"line":1,"column":73}},"1":{"start":{"line":2,"column":0},"end":{"line":2,"column":53}},"2":{"start":{"line":4,"column":13},"end":{"line":8,"column":3}},"3":{"start":{"line":10,"column":13},"end":{"line":10,"column":61}},"4":{"start":{"line":12,"column":13},"end":{"line":12,"column":63}}},"fnMap":{},"branchMap":{},"s":{"0":3,"1":3,"2":3,"3":3,"4":3},"f":{},"b":{}}
,"/Users/minholee/Desktop/codeit/sprint-mission/8-sprint-mission/src/structs/commonStructs.ts": {"path":"/Users/minholee/Desktop/codeit/sprint-mission/8-sprint-mission/src/structs/commonStructs.ts","statementMap":{"0":{"start":{"line":1,"column":0},"end":{"line":1,"column":100}},"1":{"start":{"line":4,"column":22},"end":{"line":4,"column":77}},"2":{"start":{"line":4,"column":61},"end":{"line":4,"column":76}},"3":{"start":{"line":6,"column":13},"end":{"line":8,"column":3}},"4":{"start":{"line":10,"column":13},"end":{"line":15,"column":3}},"5":{"start":{"line":17,"column":13},"end":{"line":22,"column":3}}},"fnMap":{"0":{"name":"(anonymous_0)","decl":{"start":{"line":4,"column":50},"end":{"line":4,"column":51}},"loc":{"start":{"line":4,"column":61},"end":{"line":4,"column":76}}}},"branchMap":{},"s":{"0":3,"1":3,"2":13,"3":3,"4":3,"5":3},"f":{"0":13},"b":{}}
,"/Users/minholee/Desktop/codeit/sprint-mission/8-sprint-mission/src/structs/productsStruct.ts": {"path":"/Users/minholee/Desktop/codeit/sprint-mission/8-sprint-mission/src/structs/productsStruct.ts","statementMap":{"0":{"start":{"line":1,"column":0},"end":{"line":1,"column":93}},"1":{"start":{"line":2,"column":0},"end":{"line":2,"column":51}},"2":{"start":{"line":4,"column":13},"end":{"line":10,"column":3}},"3":{"start":{"line":5,"column":56},"end":{"line":5,"column":68}},"4":{"start":{"line":12,"column":13},"end":{"line":12,"column":59}},"5":{"start":{"line":14,"column":13},"end":{"line":14,"column":72}}},"fnMap":{"0":{"name":"(anonymous_0)","decl":{"start":{"line":5,"column":45},"end":{"line":5,"column":46}},"loc":{"start":{"line":5,"column":56},"end":{"line":5,"column":68}}}},"branchMap":{},"s":{"0":3,"1":3,"2":3,"3":2,"4":3,"5":3},"f":{"0":2},"b":{}}
,"/Users/minholee/Desktop/codeit/sprint-mission/8-sprint-mission/src/structs/usersStructs.ts": {"path":"/Users/minholee/Desktop/codeit/sprint-mission/8-sprint-mission/src/structs/usersStructs.ts","statementMap":{"0":{"start":{"line":1,"column":0},"end":{"line":1,"column":64}},"1":{"start":{"line":2,"column":0},"end":{"line":2,"column":51}},"2":{"start":{"line":4,"column":13},"end":{"line":10,"column":2}},"3":{"start":{"line":12,"column":13},"end":{"line":15,"column":3}},"4":{"start":{"line":17,"column":13},"end":{"line":17,"column":61}},"5":{"start":{"line":19,"column":13},"end":{"line":19,"column":62}}},"fnMap":{},"branchMap":{},"s":{"0":3,"1":3,"2":3,"3":3,"4":3,"5":3},"f":{},"b":{}}
}
