TN:
SF:src/main.ts
FNF:0
FNH:0
DA:1,3
DA:2,3
DA:3,3
DA:4,3
DA:5,3
DA:6,3
DA:7,3
DA:8,3
DA:9,3
DA:10,3
DA:11,3
DA:12,3
DA:13,3
DA:14,3
DA:15,3
DA:20,3
DA:21,3
DA:23,3
DA:25,3
DA:26,3
DA:27,3
DA:28,3
DA:30,3
DA:31,3
DA:32,3
DA:33,3
DA:34,3
DA:35,3
DA:36,3
DA:38,3
DA:39,3
DA:45,3
LF:32
LH:32
BRF:0
BRH:0
end_of_record
TN:
SF:src/controllers/articlesController.ts
FN:17,createArticle
FN:29,getArticle
FN:35,updateArticle
FN:48,deleteArticle
FN:57,getArticleList
FN:66,createComment
FN:80,getCommentList
FN:93,createLike
FN:99,deleteLike
FNF:9
FNH:9
FNDA:1,createArticle
FNDA:1,getArticle
FNDA:1,updateArticle
FNDA:1,deleteArticle
FNDA:1,getArticleList
FNDA:1,createComment
FNDA:1,getCommentList
FNDA:1,createLike
FNDA:1,deleteLike
DA:2,3
DA:3,3
DA:4,3
DA:9,3
DA:13,3
DA:14,3
DA:15,3
DA:17,3
DA:21,1
DA:22,1
DA:26,1
DA:29,3
DA:30,1
DA:31,1
DA:32,1
DA:35,3
DA:39,1
DA:40,1
DA:41,1
DA:45,1
DA:48,3
DA:52,1
DA:53,1
DA:54,1
DA:57,3
DA:61,1
DA:62,1
DA:63,1
DA:66,3
DA:70,1
DA:71,1
DA:72,1
DA:77,1
DA:80,3
DA:84,1
DA:85,1
DA:86,1
DA:90,1
DA:93,3
DA:94,1
DA:95,1
DA:96,1
DA:99,3
DA:100,1
DA:101,1
DA:102,1
LF:46
LH:46
BRF:0
BRH:0
end_of_record
TN:
SF:src/controllers/authController.ts
FN:12,register
FN:18,login
FN:25,logout
FN:30,refreshToken
FN:38,setTokenCookies
FN:56,clearTokenCookies
FNF:6
FNH:6
FNDA:1,register
FNDA:20,login
FNDA:1,logout
FNDA:1,refreshToken
FNDA:21,setTokenCookies
FNDA:1,clearTokenCookies
DA:2,3
DA:3,3
DA:8,3
DA:9,3
DA:10,3
DA:12,3
DA:13,1
DA:14,1
DA:15,1
DA:18,3
DA:19,20
DA:20,20
DA:21,20
DA:22,20
DA:25,3
DA:26,1
DA:27,1
DA:30,3
DA:31,1
DA:33,1
DA:34,1
DA:35,1
DA:43,21
DA:48,21
DA:57,1
DA:58,1
LF:26
LH:26
BRF:0
BRH:0
end_of_record
TN:
SF:src/controllers/commentsController.ts
FN:7,updateComment
FN:21,deleteComment
FNF:2
FNH:0
FNDA:0,updateComment
FNDA:0,deleteComment
DA:2,3
DA:3,3
DA:4,3
DA:5,3
DA:7,3
DA:11,0
DA:12,0
DA:13,0
DA:18,0
DA:21,3
DA:25,0
DA:26,0
DA:27,0
LF:13
LH:6
BRF:0
BRH:0
end_of_record
TN:
SF:src/controllers/errorController.ts
FN:8,defaultNotFoundHandler
FN:12,globalErrorHandler
FNF:2
FNH:0
FNDA:0,defaultNotFoundHandler
FNDA:0,globalErrorHandler
DA:2,3
DA:3,3
DA:4,3
DA:5,3
DA:6,3
DA:8,3
DA:9,0
DA:12,3
DA:14,0
DA:15,0
DA:16,0
DA:20,0
DA:21,0
DA:22,0
DA:26,0
DA:27,0
DA:28,0
DA:29,0
DA:33,0
DA:34,0
DA:35,0
DA:38,0
DA:39,0
DA:40,0
DA:43,0
DA:44,0
DA:45,0
DA:48,0
DA:49,0
LF:29
LH:7
BRDA:14,0,0,0
BRDA:14,1,0,0
BRDA:14,1,1,0
BRDA:20,2,0,0
BRDA:20,3,0,0
BRDA:20,3,1,0
BRDA:26,4,0,0
BRDA:33,5,0,0
BRDA:38,6,0,0
BRDA:43,7,0,0
BRF:10
BRH:0
end_of_record
TN:
SF:src/controllers/imagesController.ts
FN:13,(anonymous_8)
FN:16,(anonymous_9)
FN:27,(anonymous_10)
FN:37,uploadImage
FNF:4
FNH:0
FNDA:0,(anonymous_8)
FNDA:0,(anonymous_9)
FNDA:0,(anonymous_10)
FNDA:0,uploadImage
DA:2,3
DA:3,3
DA:4,3
DA:5,3
DA:6,3
DA:8,3
DA:9,3
DA:11,3
DA:14,0
DA:17,0
DA:18,0
DA:19,0
DA:28,0
DA:29,0
DA:30,0
DA:33,0
DA:37,3
DA:38,0
DA:39,0
DA:40,0
DA:42,0
DA:43,0
DA:45,0
DA:46,0
DA:47,0
LF:25
LH:9
BRDA:28,0,0,0
BRDA:39,1,0,0
BRDA:42,2,0,0
BRF:3
BRH:0
end_of_record
TN:
SF:src/controllers/notificationsController.ts
FN:8,getNotifications
FN:19,patchReadStatus
FNF:2
FNH:0
FNDA:0,getNotifications
FNDA:0,patchReadStatus
DA:1,3
DA:5,3
DA:8,3
DA:13,0
DA:15,0
DA:16,0
DA:19,3
DA:24,0
DA:25,0
DA:26,0
LF:10
LH:4
BRF:0
BRH:0
end_of_record
TN:
SF:src/controllers/productsController.ts
FN:17,createProduct
FN:29,getProduct
FN:35,updateProduct
FN:48,deleteProduct
FN:57,getProductList
FN:68,createComment
FN:80,getCommentList
FN:93,createFavorite
FN:102,deleteFavorite
FNF:9
FNH:9
FNDA:1,createProduct
FNDA:1,getProduct
FNDA:1,updateProduct
FNDA:1,deleteProduct
FNDA:2,getProductList
FNDA:1,createComment
FNDA:1,getCommentList
FNDA:1,createFavorite
FNDA:1,deleteFavorite
DA:2,3
DA:3,3
DA:4,3
DA:9,3
DA:13,3
DA:14,3
DA:15,3
DA:17,3
DA:21,1
DA:22,1
DA:26,1
DA:29,3
DA:30,1
DA:31,1
DA:32,1
DA:35,3
DA:39,1
DA:40,1
DA:41,1
DA:45,1
DA:48,3
DA:52,1
DA:53,1
DA:54,1
DA:57,3
DA:61,2
DA:62,2
DA:65,2
DA:68,3
DA:72,1
DA:73,1
DA:77,1
DA:80,3
DA:84,1
DA:85,1
DA:86,1
DA:90,1
DA:93,3
DA:97,1
DA:98,1
DA:99,1
DA:102,3
DA:106,1
DA:107,1
DA:108,1
LF:45
LH:45
BRDA:63,0,0,1
BRDA:63,0,1,1
BRDA:63,1,0,2
BRDA:63,1,1,2
BRF:4
BRH:4
end_of_record
TN:
SF:src/controllers/usersController.ts
FN:13,getMe
FN:18,updateMe
FN:24,updateMyPassword
FN:33,getMyProductList
FN:57,getMyFavoriteList
FNF:5
FNH:0
FNDA:0,getMe
FNDA:0,updateMe
FNDA:0,updateMyPassword
FNDA:0,getMyProductList
FNDA:0,getMyFavoriteList
DA:2,3
DA:3,3
DA:9,3
DA:10,3
DA:11,3
DA:13,3
DA:14,0
DA:15,0
DA:18,3
DA:19,0
DA:20,0
DA:21,0
DA:24,3
DA:28,0
DA:29,0
DA:30,0
DA:33,3
DA:37,0
DA:41,0
DA:51,0
DA:57,3
DA:61,0
DA:65,0
DA:75,0
LF:24
LH:10
BRF:0
BRH:0
end_of_record
TN:
SF:src/dto/notificationsDTO.ts
FN:3,(anonymous_0)
FN:14,(anonymous_1)
FNF:2
FNH:0
FNDA:0,(anonymous_0)
FNDA:0,(anonymous_1)
DA:3,3
DA:4,0
DA:14,3
DA:18,0
LF:4
LH:2
BRF:0
BRH:0
end_of_record
TN:
SF:src/dto/userResponseDTO.ts
FN:3,(anonymous_1)
FNF:1
FNH:1
FNDA:1,(anonymous_1)
DA:3,3
DA:4,1
DA:5,1
DA:8,3
LF:4
LH:4
BRF:0
BRH:0
end_of_record
TN:
SF:src/lib/constants.ts
FNF:0
FNH:0
DA:1,3
DA:2,3
DA:4,3
DA:5,3
DA:6,3
DA:7,3
DA:8,3
DA:9,3
DA:10,3
DA:11,3
DA:12,3
LF:11
LH:11
BRDA:6,0,0,3
BRDA:6,0,1,0
BRDA:7,1,0,3
BRDA:7,1,1,0
BRDA:8,2,0,3
BRDA:8,2,1,0
BRDA:9,3,0,3
BRDA:9,3,1,0
BRDA:10,4,0,3
BRDA:10,4,1,0
BRF:10
BRH:5
end_of_record
TN:
SF:src/lib/prismaClient.ts
FNF:0
FNH:0
DA:1,3
DA:3,3
DA:5,3
LF:3
LH:3
BRF:0
BRH:0
end_of_record
TN:
SF:src/lib/token.ts
FN:4,generateTokens
FN:14,verifyAccessToken
FN:22,verifyRefreshToken
FNF:3
FNH:3
FNDA:21,generateTokens
FNDA:16,verifyAccessToken
FNDA:1,verifyRefreshToken
DA:1,3
DA:2,3
DA:4,3
DA:5,21
DA:8,21
DA:11,21
DA:14,3
DA:15,16
DA:16,16
DA:17,0
DA:19,16
DA:22,3
DA:23,1
DA:24,1
DA:25,0
DA:27,1
LF:16
LH:14
BRDA:16,0,0,0
BRDA:24,1,0,0
BRF:2
BRH:0
end_of_record
TN:
SF:src/lib/withAsync.ts
FN:3,withAsync
FN:4,(anonymous_8)
FNF:2
FNH:2
FNDA:96,withAsync
FNDA:42,(anonymous_8)
DA:3,3
DA:4,96
DA:5,42
DA:6,42
DA:8,0
LF:5
LH:4
BRF:0
BRH:0
end_of_record
TN:
SF:src/lib/errors/BadRequestError.ts
FN:2,(anonymous_0)
FNF:1
FNH:0
FNDA:0,(anonymous_0)
DA:3,0
DA:4,0
DA:8,3
LF:3
LH:1
BRF:0
BRH:0
end_of_record
TN:
SF:src/lib/errors/ForbiddenError.ts
FN:2,(anonymous_0)
FNF:1
FNH:0
FNDA:0,(anonymous_0)
DA:3,0
DA:4,0
DA:8,3
LF:3
LH:1
BRF:0
BRH:0
end_of_record
TN:
SF:src/lib/errors/NotFoundError.ts
FN:2,(anonymous_0)
FNF:1
FNH:0
FNDA:0,(anonymous_0)
DA:3,0
DA:4,0
DA:8,3
LF:3
LH:1
BRF:0
BRH:0
end_of_record
TN:
SF:src/lib/errors/UnauthorizedError.ts
FN:2,(anonymous_0)
FNF:1
FNH:1
FNDA:1,(anonymous_0)
DA:3,1
DA:4,1
DA:8,3
LF:3
LH:3
BRF:0
BRH:0
end_of_record
TN:
SF:src/middlewares/authenticate.ts
FN:5,authenticate
FN:6,(anonymous_17)
FN:6,(anonymous_18)
FNF:3
FNH:3
FNDA:75,authenticate
FNDA:17,(anonymous_17)
FNDA:17,(anonymous_18)
DA:2,3
DA:3,3
DA:6,75
DA:7,17
DA:8,17
DA:9,17
DA:10,16
DA:12,1
DA:13,1
DA:14,1
DA:16,0
DA:17,0
DA:19,16
DA:23,3
LF:14
LH:12
BRDA:5,0,0,63
BRDA:12,1,0,1
BRF:2
BRH:2
end_of_record
TN:
SF:src/repositories/articlesRepository.ts
FN:5,createArticle
FN:12,getArticle
FN:17,getArticleWithLkes
FN:17,(anonymous_12)
FN:33,(anonymous_13)
FN:37,getArticleListWithLikes
FN:38,(anonymous_15)
FN:60,(anonymous_16)
FN:64,(anonymous_17)
FN:73,updateArticleWithLikes
FN:85,(anonymous_20)
FN:90,deleteArticle
FNF:12
FNH:9
FNDA:1,createArticle
FNDA:6,getArticle
FNDA:1,getArticleWithLkes
FNDA:1,(anonymous_12)
FNDA:0,(anonymous_13)
FNDA:1,getArticleListWithLikes
FNDA:1,(anonymous_15)
FNDA:1,(anonymous_16)
FNDA:0,(anonymous_17)
FNDA:1,updateArticleWithLikes
FNDA:0,(anonymous_20)
FNDA:1,deleteArticle
DA:2,3
DA:5,3
DA:6,1
DA:9,1
DA:12,3
DA:13,6
DA:14,6
DA:17,3
DA:18,1
DA:25,1
DA:26,0
DA:29,1
DA:33,0
DA:37,3
DA:38,1
DA:45,1
DA:49,1
DA:50,1
DA:60,1
DA:64,0
DA:67,1
DA:73,3
DA:74,1
DA:81,1
DA:85,0
DA:90,3
DA:91,1
LF:27
LH:23
BRDA:17,0,0,1
BRDA:25,1,0,0
BRDA:33,2,0,0
BRDA:33,2,1,1
BRDA:39,3,0,1
BRDA:46,4,0,0
BRDA:46,4,1,1
BRDA:53,5,0,0
BRDA:53,5,1,1
BRDA:64,6,0,0
BRDA:64,6,1,1
BRDA:84,7,0,1
BRDA:84,7,1,0
BRF:13
BRH:7
end_of_record
TN:
SF:src/repositories/commentsRepository.ts
FN:5,createComment
FN:14,getComment
FN:21,getCommentList
FN:22,(anonymous_12)
FN:41,updateComment
FN:48,deleteComment
FNF:6
FNH:3
FNDA:2,createComment
FNDA:0,getComment
FNDA:2,getCommentList
FNDA:2,(anonymous_12)
FNDA:0,updateComment
FNDA:0,deleteComment
DA:2,3
DA:5,3
DA:8,2
DA:11,2
DA:14,3
DA:15,0
DA:18,0
DA:21,3
DA:22,2
DA:25,2
DA:31,2
DA:32,2
DA:33,2
DA:35,2
DA:41,3
DA:42,0
DA:48,3
DA:49,0
LF:18
LH:14
BRDA:26,0,0,0
BRDA:26,0,1,2
BRDA:33,1,0,2
BRDA:33,1,1,0
BRF:4
BRH:2
end_of_record
TN:
SF:src/repositories/favoritesRepository.ts
FN:4,createFavorite
FN:13,getFavorite
FN:20,deleteFavorite
FN:26,getLikedUsers
FNF:4
FNH:4
FNDA:1,createFavorite
FNDA:2,getFavorite
FNDA:1,deleteFavorite
FNDA:1,getLikedUsers
DA:2,3
DA:4,3
DA:7,1
DA:10,1
DA:13,3
DA:14,2
DA:17,2
DA:20,3
DA:21,1
DA:26,3
DA:27,1
LF:11
LH:11
BRF:0
BRH:0
end_of_record
TN:
SF:src/repositories/likesRepository.ts
FN:4,createLike
FN:11,getLike
FN:18,deleteLike
FNF:3
FNH:3
FNDA:1,createLike
FNDA:2,getLike
FNDA:1,deleteLike
DA:2,3
DA:4,3
DA:5,1
DA:8,1
DA:11,3
DA:12,2
DA:15,2
DA:18,3
DA:19,1
LF:9
LH:9
BRF:0
BRH:0
end_of_record
TN:
SF:src/repositories/notificationsRepository.ts
FN:9,createNotification
FN:21,getNotifications
FN:30,getCount
FN:37,patchReadStatus
FNF:4
FNH:0
FNDA:0,createNotification
FNDA:0,getNotifications
FNDA:0,getCount
FNDA:0,patchReadStatus
DA:1,3
DA:9,3
DA:12,0
DA:21,3
DA:24,0
DA:27,0
DA:30,3
DA:31,0
DA:34,0
DA:37,3
DA:38,0
DA:44,0
LF:12
LH:5
BRF:0
BRH:0
end_of_record
TN:
SF:src/repositories/productsRepository.ts
FN:5,createProduct
FN:13,getProduct
FN:20,getProductWithFavorites
FN:34,(anonymous_13)
FN:40,getProductListWithFavorites
FN:41,(anonymous_15)
FN:71,(anonymous_16)
FN:77,(anonymous_17)
FN:87,getFavoriteProductListByOwnerId
FN:88,(anonymous_19)
FN:126,(anonymous_20)
FN:139,updateProductWithFavorites
FN:155,(anonymous_23)
FN:161,deleteProduct
FNF:14
FNH:8
FNDA:1,createProduct
FNDA:6,getProduct
FNDA:1,getProductWithFavorites
FNDA:0,(anonymous_13)
FNDA:2,getProductListWithFavorites
FNDA:2,(anonymous_15)
FNDA:2,(anonymous_16)
FNDA:0,(anonymous_17)
FNDA:0,getFavoriteProductListByOwnerId
FNDA:0,(anonymous_19)
FNDA:0,(anonymous_20)
FNDA:1,updateProductWithFavorites
FNDA:0,(anonymous_23)
FNDA:1,deleteProduct
DA:2,3
DA:5,3
DA:8,1
DA:13,3
DA:14,6
DA:17,6
DA:20,3
DA:21,1
DA:25,1
DA:26,0
DA:29,1
DA:34,0
DA:37,1
DA:40,3
DA:41,2
DA:48,2
DA:57,2
DA:61,2
DA:71,2
DA:77,0
DA:81,2
DA:87,3
DA:88,0
DA:91,0
DA:99,0
DA:109,0
DA:126,0
DA:133,0
DA:139,3
DA:143,1
DA:150,1
DA:155,0
DA:158,1
DA:161,3
DA:162,1
LF:35
LH:25
BRDA:25,0,0,0
BRDA:33,1,0,0
BRDA:33,1,1,1
BRDA:42,2,0,0
BRDA:48,3,0,0
BRDA:48,3,1,2
BRDA:64,4,0,0
BRDA:64,4,1,2
BRDA:76,5,0,1
BRDA:76,5,1,1
BRDA:91,6,0,0
BRDA:91,6,1,0
BRDA:112,7,0,0
BRDA:112,7,1,0
BRDA:154,8,0,1
BRDA:154,8,1,0
BRF:16
BRH:6
end_of_record
TN:
SF:src/repositories/usersRepository.ts
FN:4,createUser
FN:13,getUser
FN:20,getUserByEmail
FN:27,updateUser
FN:35,deleteUser
FNF:5
FNH:3
FNDA:1,createUser
FNDA:17,getUser
FNDA:21,getUserByEmail
FNDA:0,updateUser
FNDA:0,deleteUser
DA:2,3
DA:4,3
DA:7,1
DA:10,1
DA:13,3
DA:14,17
DA:17,17
DA:20,3
DA:21,21
DA:24,21
DA:27,3
DA:28,0
DA:32,0
DA:35,3
DA:36,0
LF:15
LH:12
BRF:0
BRH:0
end_of_record
TN:
SF:src/routers/articlesRouter.ts
FNF:0
FNH:0
DA:1,3
DA:2,3
DA:3,3
DA:14,3
DA:16,3
DA:18,3
DA:19,3
DA:20,3
DA:21,3
DA:22,3
DA:23,3
DA:24,3
DA:25,3
DA:26,3
DA:28,3
LF:15
LH:15
BRF:0
BRH:0
end_of_record
TN:
SF:src/routers/authRouter.ts
FNF:0
FNH:0
DA:1,3
DA:2,3
DA:3,3
DA:5,3
DA:7,3
DA:8,3
DA:9,3
DA:10,3
DA:12,3
LF:9
LH:9
BRF:0
BRH:0
end_of_record
TN:
SF:src/routers/commentsRouter.ts
FNF:0
FNH:0
DA:1,3
DA:2,3
DA:3,3
DA:4,3
DA:6,3
DA:8,3
DA:9,3
DA:11,3
LF:8
LH:8
BRF:0
BRH:0
end_of_record
TN:
SF:src/routers/imagesRouter.ts
FNF:0
FNH:0
DA:1,3
DA:2,3
DA:3,3
DA:5,3
DA:7,3
DA:9,3
LF:6
LH:6
BRF:0
BRH:0
end_of_record
TN:
SF:src/routers/notificationsRouter.ts
FNF:0
FNH:0
DA:1,3
DA:3,3
DA:4,3
DA:5,3
DA:7,3
DA:9,3
DA:15,3
LF:7
LH:7
BRF:0
BRH:0
end_of_record
TN:
SF:src/routers/productsRouter.ts
FNF:0
FNH:0
DA:1,3
DA:2,3
DA:3,3
DA:14,3
DA:16,3
DA:18,3
DA:19,3
DA:20,3
DA:21,3
DA:22,3
DA:23,3
DA:24,3
DA:25,3
DA:26,3
DA:28,3
LF:15
LH:15
BRF:0
BRH:0
end_of_record
TN:
SF:src/routers/usersRouter.ts
FNF:0
FNH:0
DA:1,3
DA:2,3
DA:3,3
DA:10,3
DA:11,3
DA:13,3
DA:15,3
DA:16,3
DA:17,3
DA:18,3
DA:19,3
DA:20,3
DA:26,3
LF:13
LH:13
BRF:0
BRH:0
end_of_record
TN:
SF:src/services/articlesService.ts
FN:10,createArticle
FN:19,getArticle
FN:27,getArticleList
FN:34,updateArticle
FN:48,deleteArticle
FNF:5
FNH:5
FNDA:1,createArticle
FNDA:1,getArticle
FNDA:1,getArticleList
FNDA:1,updateArticle
FNDA:1,deleteArticle
DA:1,3
DA:3,3
DA:4,3
DA:10,3
DA:11,1
DA:12,1
DA:19,3
DA:20,1
DA:21,1
DA:22,0
DA:24,1
DA:27,3
DA:30,1
DA:31,1
DA:34,3
DA:35,1
DA:36,1
DA:37,0
DA:40,1
DA:41,0
DA:44,1
DA:45,1
DA:48,3
DA:49,1
DA:50,1
DA:51,0
DA:54,1
DA:55,0
DA:58,1
LF:29
LH:24
BRDA:21,0,0,0
BRDA:36,1,0,0
BRDA:40,2,0,0
BRDA:50,3,0,0
BRDA:54,4,0,0
BRF:5
BRH:0
end_of_record
TN:
SF:src/services/authService.ts
FN:16,verifyPassword
FN:20,hashPassword
FN:25,register
FN:43,login
FN:60,refreshToken
FN:79,updateMyPassword
FN:98,authenticate
FNF:7
FNH:6
FNDA:20,verifyPassword
FNDA:1,hashPassword
FNDA:1,register
FNDA:20,login
FNDA:1,refreshToken
FNDA:0,updateMyPassword
FNDA:17,authenticate
DA:1,3
DA:2,3
DA:3,3
DA:4,3
DA:5,3
DA:10,3
DA:17,20
DA:21,1
DA:22,1
DA:25,3
DA:26,1
DA:27,1
DA:28,0
DA:31,1
DA:33,1
DA:40,1
DA:43,3
DA:44,20
DA:45,20
DA:46,0
DA:48,20
DA:49,20
DA:50,0
DA:53,20
DA:54,20
DA:60,3
DA:61,1
DA:62,0
DA:65,1
DA:67,1
DA:68,1
DA:69,0
DA:72,1
DA:73,1
DA:79,3
DA:84,0
DA:85,0
DA:86,0
DA:89,0
DA:90,0
DA:91,0
DA:94,0
DA:95,0
DA:98,3
DA:99,17
DA:100,1
DA:103,16
DA:104,16
DA:105,16
DA:106,0
DA:108,16
LF:51
LH:37
BRDA:27,0,0,0
BRDA:45,1,0,0
BRDA:49,2,0,0
BRDA:61,3,0,0
BRDA:68,4,0,0
BRDA:85,5,0,0
BRDA:90,6,0,0
BRDA:99,7,0,1
BRDA:105,8,0,0
BRF:9
BRH:1
end_of_record
TN:
SF:src/services/commentsService.ts
FN:23,createComment
FN:66,getComment
FN:74,getCommentListByArticleId
FN:87,getCommentListByProductId
FN:100,updateComment
FN:117,deleteComment
FNF:6
FNH:3
FNDA:2,createComment
FNDA:0,getComment
FNDA:1,getCommentListByArticleId
FNDA:1,getCommentListByProductId
FNDA:0,updateComment
FNDA:0,deleteComment
DA:1,3
DA:2,3
DA:3,3
DA:4,3
DA:9,3
DA:10,3
DA:11,3
DA:13,3
DA:23,3
DA:24,2
DA:25,0
DA:28,2
DA:30,2
DA:31,1
DA:32,1
DA:33,0
DA:35,1
DA:38,2
DA:39,1
DA:40,1
DA:41,0
DA:43,1
DA:46,2
DA:51,2
DA:52,0
DA:60,0
DA:63,2
DA:66,3
DA:67,0
DA:68,0
DA:69,0
DA:71,0
DA:74,3
DA:78,1
DA:79,1
DA:80,0
DA:83,1
DA:84,1
DA:87,3
DA:91,1
DA:92,1
DA:93,0
DA:96,1
DA:97,1
DA:100,3
DA:105,0
DA:106,0
DA:107,0
DA:110,0
DA:111,0
DA:114,0
DA:117,3
DA:118,0
DA:119,0
DA:120,0
DA:123,0
DA:124,0
DA:127,0
LF:58
LH:35
BRDA:24,0,0,0
BRDA:24,1,0,2
BRDA:24,1,1,1
BRDA:30,2,0,1
BRDA:32,3,0,0
BRDA:38,4,0,1
BRDA:40,5,0,0
BRDA:48,6,0,1
BRDA:48,6,1,1
BRDA:48,7,0,2
BRDA:48,7,1,2
BRDA:49,8,0,1
BRDA:49,8,1,1
BRDA:49,9,0,2
BRDA:49,9,1,2
BRDA:51,10,0,0
BRDA:51,11,0,2
BRDA:51,11,1,2
BRDA:68,12,0,0
BRDA:79,13,0,0
BRDA:92,14,0,0
BRDA:106,15,0,0
BRDA:110,16,0,0
BRDA:119,17,0,0
BRDA:123,18,0,0
BRF:25
BRH:14
end_of_record
TN:
SF:src/services/favoritesService.ts
FN:6,createFavorite
FN:20,deleteFavorite
FNF:2
FNH:2
FNDA:1,createFavorite
FNDA:1,deleteFavorite
DA:1,3
DA:2,3
DA:3,3
DA:4,3
DA:6,3
DA:7,1
DA:8,1
DA:9,0
DA:12,1
DA:13,1
DA:14,0
DA:17,1
DA:20,3
DA:21,1
DA:22,1
DA:23,0
DA:26,1
DA:27,1
DA:28,0
DA:31,1
LF:20
LH:16
BRDA:8,0,0,0
BRDA:13,1,0,0
BRDA:22,2,0,0
BRDA:27,3,0,0
BRF:4
BRH:0
end_of_record
TN:
SF:src/services/likesService.ts
FN:6,createLike
FN:20,deleteLike
FNF:2
FNH:2
FNDA:1,createLike
FNDA:1,deleteLike
DA:1,3
DA:2,3
DA:3,3
DA:4,3
DA:6,3
DA:7,1
DA:8,1
DA:9,0
DA:12,1
DA:13,1
DA:14,0
DA:17,1
DA:20,3
DA:21,1
DA:22,1
DA:23,0
DA:26,1
DA:27,1
DA:28,0
DA:31,1
LF:20
LH:16
BRDA:8,0,0,0
BRDA:13,1,0,0
BRDA:22,2,0,0
BRDA:27,3,0,0
BRF:4
BRH:0
end_of_record
TN:
SF:src/services/notificationsService.ts
FN:4,getUserNotifications
FN:14,patchRead
FNF:2
FNH:0
FNDA:0,getUserNotifications
FNDA:0,patchRead
DA:1,3
DA:4,3
DA:7,0
DA:11,0
DA:14,3
DA:15,0
DA:16,0
LF:7
LH:3
BRF:0
BRH:0
end_of_record
TN:
SF:src/services/productsService.ts
FN:19,createProduct
FN:28,getProduct
FN:36,getProductList
FN:37,(anonymous_22)
FN:47,updateProduct
FN:79,deleteProduct
FNF:6
FNH:6
FNDA:1,createProduct
FNDA:1,getProduct
FNDA:2,getProductList
FNDA:2,(anonymous_22)
FNDA:1,updateProduct
FNDA:1,deleteProduct
DA:1,3
DA:2,3
DA:3,3
DA:4,3
DA:5,3
DA:11,3
DA:19,3
DA:20,1
DA:21,1
DA:28,3
DA:29,1
DA:30,1
DA:31,0
DA:33,1
DA:36,3
DA:37,2
DA:40,2
DA:44,2
DA:47,3
DA:51,1
DA:52,1
DA:53,0
DA:55,1
DA:56,0
DA:58,1
DA:62,1
DA:63,1
DA:64,1
DA:65,0
DA:73,0
DA:76,1
DA:79,3
DA:80,1
DA:81,1
DA:82,0
DA:84,1
DA:85,0
DA:87,1
LF:38
LH:31
BRDA:30,0,0,0
BRDA:38,1,0,0
BRDA:52,2,0,0
BRDA:55,3,0,0
BRDA:62,4,0,1
BRDA:62,5,0,1
BRDA:62,5,1,1
BRDA:81,6,0,0
BRDA:84,7,0,0
BRF:9
BRH:3
end_of_record
TN:
SF:src/services/socketService.ts
FN:8,setupSocket
FN:18,(anonymous_1)
FN:31,(anonymous_2)
FN:36,(anonymous_3)
FN:42,sendNotification
FNF:5
FNH:1
FNDA:3,setupSocket
FNDA:0,(anonymous_1)
FNDA:0,(anonymous_2)
FNDA:0,(anonymous_3)
FNDA:0,sendNotification
DA:1,3
DA:3,3
DA:8,3
DA:9,3
DA:16,3
DA:18,3
DA:19,0
DA:20,0
DA:21,0
DA:22,0
DA:23,0
DA:25,0
DA:26,0
DA:31,3
DA:32,0
DA:33,0
DA:34,0
DA:35,0
DA:36,0
DA:37,0
DA:42,3
DA:43,0
DA:44,0
DA:45,0
DA:47,0
LF:25
LH:8
BRDA:43,0,0,0
BRF:1
BRH:0
end_of_record
TN:
SF:src/services/usersService.ts
FN:10,getUser
FN:19,updateUser
FN:24,getMyProductList
FN:32,getMyFavoriteList
FNF:4
FNH:0
FNDA:0,getUser
FNDA:0,updateUser
FNDA:0,getMyProductList
FNDA:0,getMyFavoriteList
DA:3,3
DA:4,3
DA:5,3
DA:10,3
DA:11,0
DA:12,0
DA:13,0
DA:16,0
DA:19,3
DA:20,0
DA:21,0
DA:24,3
DA:28,0
DA:29,0
DA:32,3
DA:36,0
DA:37,0
LF:17
LH:7
BRDA:12,0,0,0
BRF:1
BRH:0
end_of_record
TN:
SF:src/structs/articlesStructs.ts
FN:7,(anonymous_0)
FNF:1
FNH:1
FNDA:1,(anonymous_0)
DA:1,3
DA:2,3
DA:4,3
DA:6,3
DA:7,1
DA:12,3
LF:6
LH:6
BRF:0
BRH:0
end_of_record
TN:
SF:src/structs/authStructs.ts
FNF:0
FNH:0
DA:1,3
DA:3,3
DA:10,3
LF:3
LH:3
BRF:0
BRH:0
end_of_record
TN:
SF:src/structs/commentsStruct.ts
FNF:0
FNH:0
DA:1,3
DA:2,3
DA:4,3
DA:10,3
DA:12,3
LF:5
LH:5
BRF:0
BRH:0
end_of_record
TN:
SF:src/structs/commonStructs.ts
FN:4,(anonymous_0)
FNF:1
FNH:1
FNDA:13,(anonymous_0)
DA:1,3
DA:4,13
DA:6,3
DA:10,3
DA:17,3
LF:5
LH:5
BRF:0
BRH:0
end_of_record
TN:
SF:src/structs/productsStruct.ts
FN:5,(anonymous_0)
FNF:1
FNH:1
FNDA:2,(anonymous_0)
DA:1,3
DA:2,3
DA:4,3
DA:5,2
DA:12,3
DA:14,3
LF:6
LH:6
BRF:0
BRH:0
end_of_record
TN:
SF:src/structs/usersStructs.ts
FNF:0
FNH:0
DA:1,3
DA:2,3
DA:4,3
DA:12,3
DA:17,3
DA:19,3
LF:6
LH:6
BRF:0
BRH:0
end_of_record
